<?xml version="1.0" encoding="UTF-8"?>
<!-- Generated by org.testng.reporters.JUnitXMLReporter -->
<testsuite ignored="10" hostname="LAPTOP-S9TO16LE" failures="1" tests="19" name="Surefire test" time="282.655" errors="0" timestamp="2026-04-26T14:56:43 GMT+07:00">
  <testcase classname="tests.details.RoomDetailTest" name="verifyBookingSuccess" time="22.096"/>
  <testcase classname="tests.details.RoomDetailTest" name="verifyBookingWithoutLogin" time="13.216"/>
  <testcase classname="tests.details.RoomDetailTest" name="verifyPriceCalculation" time="14.321"/>
  <testcase classname="tests.login.LoginTest" name="testLoginWithEmptyField" time="5.66"/>
  <testcase classname="tests.login.LoginTest" name="testLoginWithEmptyField" time="5.82"/>
  <testcase classname="tests.login.LoginTest" name="testLoginWithInvalidCredentials" time="7.795"/>
  <testcase classname="tests.login.LoginTest" name="testLoginWithInvalidCredentials" time="5.241"/>
  <testcase classname="tests.login.LoginTest" name="testLoginWithValidCredentials" time="7.8"/>
  <testcase classname="tests.profile.ProfileTest" name="TC20_ViewBookingHistory" time="16.576">
    <failure type="org.openqa.selenium.ElementClickInterceptedException" message="element click intercepted: Element &amp;lt;button type=&amp;quot;button&amp;quot; class=&amp;quot;rdrNextPrevButton rdrNextButton&amp;quot; data-old-style=&amp;quot;&amp;quot; style=&amp;quot;&amp;quot;&amp;gt;...&amp;lt;/button&amp;gt; is not clickable at point (775, 296). Other element would receive the click: &amp;lt;div class=&amp;quot;fixed inset-0 bg-white   flex items-center justify-center&amp;quot; style=&amp;quot;z-index: 9999;&amp;quot;&amp;gt;...&amp;lt;/div&amp;gt;
  (Session info: chrome=141.0.7390.55)
Build info: version: &amp;apos;4.38.0&amp;apos;, revision: &amp;apos;6b412e825c*&amp;apos;
System info: os.name: &amp;apos;Windows 11&amp;apos;, os.arch: &amp;apos;amd64&amp;apos;, os.version: &amp;apos;10.0&amp;apos;, java.version: &amp;apos;25.0.1&amp;apos;
Driver info: org.openqa.selenium.chrome.ChromeDriver
Command: [84dd35d6606b1c2e033450b50cbab509, clickElement {id=f.48B2BF90ED20A2E4A2D4BEAB91532C82.d.97A39F990F1C27CFC3F1BDEE42CD62C9.e.818}]
Capabilities {acceptInsecureCerts: false, browserName: chrome, browserVersion: 141.0.7390.55, chrome: {chromedriverVersion: 141.0.7390.122 (b477534e7e1..., userDataDir: C:\Users\admin\AppData\Loca...}, fedcm:accounts: true, goog:chromeOptions: {debuggerAddress: localhost:60218}, networkConnectionEnabled: false, pageLoadStrategy: normal, platformName: windows, proxy: Proxy(), se:cdp: ws://localhost:60218/devtoo..., se:cdpVersion: 141.0.7390.55, setWindowRect: true, strictFileInteractability: false, timeouts: {implicit: 0, pageLoad: 300000, script: 30000}, unhandledPromptBehavior: dismiss and notify, webauthn:extension:credBlob: true, webauthn:extension:largeBlob: true, webauthn:extension:minPinLength: true, webauthn:extension:prf: true, webauthn:virtualAuthenticators: true}
Element: [[ChromeDriver: chrome on windows (84dd35d6606b1c2e033450b50cbab509)] -&amp;gt; xpath: //button[contains(@class,&amp;apos;rdrNextButton&amp;apos;)]]
Session ID: 84dd35d6606b1c2e033450b50cbab509">
      <![CDATA[org.openqa.selenium.ElementClickInterceptedException: element click intercepted: Element <button type="button" class="rdrNextPrevButton rdrNextButton" data-old-style="" style="">...</button> is not clickable at point (775, 296). Other element would receive the click: <div class="fixed inset-0 bg-white   flex items-center justify-center" style="z-index: 9999;">...</div>
  (Session info: chrome=141.0.7390.55)
Build info: version: '4.38.0', revision: '6b412e825c*'
System info: os.name: 'Windows 11', os.arch: 'amd64', os.version: '10.0', java.version: '25.0.1'
Driver info: org.openqa.selenium.chrome.ChromeDriver
Command: [84dd35d6606b1c2e033450b50cbab509, clickElement {id=f.48B2BF90ED20A2E4A2D4BEAB91532C82.d.97A39F990F1C27CFC3F1BDEE42CD62C9.e.818}]
Capabilities {acceptInsecureCerts: false, browserName: chrome, browserVersion: 141.0.7390.55, chrome: {chromedriverVersion: 141.0.7390.122 (b477534e7e1..., userDataDir: C:\Users\admin\AppData\Loca...}, fedcm:accounts: true, goog:chromeOptions: {debuggerAddress: localhost:60218}, networkConnectionEnabled: false, pageLoadStrategy: normal, platformName: windows, proxy: Proxy(), se:cdp: ws://localhost:60218/devtoo..., se:cdpVersion: 141.0.7390.55, setWindowRect: true, strictFileInteractability: false, timeouts: {implicit: 0, pageLoad: 300000, script: 30000}, unhandledPromptBehavior: dismiss and notify, webauthn:extension:credBlob: true, webauthn:extension:largeBlob: true, webauthn:extension:minPinLength: true, webauthn:extension:prf: true, webauthn:virtualAuthenticators: true}
Element: [[ChromeDriver: chrome on windows (84dd35d6606b1c2e033450b50cbab509)] -> xpath: //button[contains(@class,'rdrNextButton')]]
Session ID: 84dd35d6606b1c2e033450b50cbab509
at org.openqa.selenium.remote.ErrorCodec.decode(ErrorCodec.java:167)
at org.openqa.selenium.remote.codec.w3c.W3CHttpResponseCodec.decode(W3CHttpResponseCodec.java:138)
at org.openqa.selenium.remote.codec.w3c.W3CHttpResponseCodec.decode(W3CHttpResponseCodec.java:50)
at org.openqa.selenium.remote.HttpCommandExecutor.execute(HttpCommandExecutor.java:215)
at org.openqa.selenium.remote.service.DriverCommandExecutor.invokeExecute(DriverCommandExecutor.java:216)
at org.openqa.selenium.remote.service.DriverCommandExecutor.execute(DriverCommandExecutor.java:174)
at org.openqa.selenium.remote.RemoteWebDriver.execute(RemoteWebDriver.java:557)
at org.openqa.selenium.remote.RemoteWebElement.execute(RemoteWebElement.java:223)
at org.openqa.selenium.remote.RemoteWebElement.click(RemoteWebElement.java:76)
at framework.actions.ElementActions.clicksBy(ElementActions.java:30)
at pages.details.RoomDetailPage.clickNextMonthButton(RoomDetailPage.java:48)
at framework.actions.RoomDetailAction.bookRoomAndGoToProfile(RoomDetailAction.java:45)
at tests.profile.ProfileTest.TC20_ViewBookingHistory(ProfileTest.java:45)
at java.base/java.util.ArrayList.forEach(ArrayList.java:1604)
... Removed 33 stack frames]]>
    </failure>
  </testcase> <!-- TC20_ViewBookingHistory -->
  <testcase classname="tests.register.RegisterTest" name="testRegisterWithEmptyFields" time="9.12"/>
  <testcase classname="tests.register.RegisterTest" name="testRegisterWithInvalidCredentials" time="11.832"/>
  <testcase classname="tests.register.RegisterTest" name="testRegisterWithInvalidCredentials" time="10.435"/>
  <testcase classname="tests.register.RegisterTest" name="testRegisterWithInvalidCredentials" time="11.327"/>
  <testcase classname="tests.register.RegisterTest" name="testRegisterWithValidCredentials" time="10.475"/>
  <testcase classname="tests.rooms.RoomTest" name="verifyFilterByPriceRange" time="74.692"/>
  <testcase classname="tests.rooms.RoomTest" name="verifySearchRoom" time="3.828"/>
  <testcase classname="tests.rooms.RoomTest" name="verifySearchRoomWithDate" time="12.278"/>
  <testcase classname="tests.rooms.RoomTest" name="verifySearchRoomWithGuest" time="8.68"/>
  <testcase classname="tests.rooms.RoomTest" name="verifySwiperNextWorking" time="12.672"/>
  <testcase classname="tests.base.BaseTest" name="@BeforeSuite setupSuite" time="0.0">
    <ignored/>
  </testcase> <!-- @BeforeSuite setupSuite -->
  <testcase classname="tests.base.BaseTest" name="@AfterSuite afterSuite" time="0.0">
    <ignored/>
  </testcase> <!-- @AfterSuite afterSuite -->
  <testcase classname="tests.base.BaseTest" name="@AfterSuite afterSuite" time="0.0">
    <ignored/>
  </testcase> <!-- @AfterSuite afterSuite -->
  <testcase classname="tests.base.BaseTest" name="@BeforeSuite setupSuite" time="0.0">
    <ignored/>
  </testcase> <!-- @BeforeSuite setupSuite -->
  <testcase classname="tests.base.BaseTest" name="@AfterSuite afterSuite" time="0.0">
    <ignored/>
  </testcase> <!-- @AfterSuite afterSuite -->
  <testcase classname="tests.base.BaseTest" name="@BeforeSuite setupSuite" time="0.0">
    <ignored/>
  </testcase> <!-- @BeforeSuite setupSuite -->
  <testcase classname="tests.base.BaseTest" name="@BeforeSuite setupSuite" time="0.0">
    <ignored/>
  </testcase> <!-- @BeforeSuite setupSuite -->
  <testcase classname="tests.base.BaseTest" name="@AfterSuite afterSuite" time="0.0">
    <ignored/>
  </testcase> <!-- @AfterSuite afterSuite -->
  <testcase classname="tests.base.BaseTest" name="@BeforeSuite setupSuite" time="0.0">
    <ignored/>
  </testcase> <!-- @BeforeSuite setupSuite -->
  <testcase classname="tests.base.BaseTest" name="@AfterSuite afterSuite" time="0.0">
    <ignored/>
  </testcase> <!-- @AfterSuite afterSuite -->
</testsuite> <!-- Surefire test -->
