<?xml version="1.0" encoding="UTF-8"?>
<!-- Generated by org.testng.reporters.JUnitXMLReporter -->
<testsuite ignored="10" hostname="LAPTOP-S9TO16LE" failures="1" tests="18" name="Surefire test" time="269.626" errors="0" timestamp="2026-04-26T15:17:21 GMT+07:00">
  <testcase classname="tests.details.RoomDetailTest" name="verifyBookingSuccess" time="16.354"/>
  <testcase classname="tests.details.RoomDetailTest" name="verifyBookingWithoutLogin" time="11.072"/>
  <testcase classname="tests.details.RoomDetailTest" name="verifyPriceCalculation" time="16.784"/>
  <testcase classname="tests.login.LoginTest" name="testLoginWithEmptyField" time="5.576"/>
  <testcase classname="tests.login.LoginTest" name="testLoginWithEmptyField" time="6.228"/>
  <testcase classname="tests.login.LoginTest" name="testLoginWithInvalidCredentials" time="5.703"/>
  <testcase classname="tests.login.LoginTest" name="testLoginWithInvalidCredentials" time="11.77"/>
  <testcase classname="tests.login.LoginTest" name="testLoginWithValidCredentials" time="7.917"/>
  <testcase classname="tests.register.RegisterTest" name="testRegisterWithEmptyFields" time="11.255"/>
  <testcase classname="tests.register.RegisterTest" name="testRegisterWithInvalidCredentials" time="11.368"/>
  <testcase classname="tests.register.RegisterTest" name="testRegisterWithInvalidCredentials" time="9.795"/>
  <testcase classname="tests.register.RegisterTest" name="testRegisterWithInvalidCredentials" time="10.277"/>
  <testcase classname="tests.register.RegisterTest" name="testRegisterWithValidCredentials" time="14.782">
    <failure type="java.lang.AssertionError" message="Message mismatch expected [Đăng ký thành công] but found []">
      <![CDATA[java.lang.AssertionError: Message mismatch expected [Đăng ký thành công] but found []
at framework.asserts.RegisterAssertion.assertRegister(RegisterAssertion.java:11)
at tests.register.RegisterTest.testRegisterWithValidCredentials(RegisterTest.java:26)
at java.base/java.util.ArrayList.forEach(ArrayList.java:1604)
... Removed 35 stack frames]]>
    </failure>
  </testcase> <!-- testRegisterWithValidCredentials -->
  <testcase classname="tests.rooms.RoomTest" name="verifyFilterByPriceRange" time="77.168"/>
  <testcase classname="tests.rooms.RoomTest" name="verifySearchRoom" time="4.493"/>
  <testcase classname="tests.rooms.RoomTest" name="verifySearchRoomWithDate" time="11.412"/>
  <testcase classname="tests.rooms.RoomTest" name="verifySearchRoomWithGuest" time="6.121"/>
  <testcase classname="tests.rooms.RoomTest" name="verifySwiperNextWorking" time="13.077"/>
  <testcase classname="tests.base.BaseTest" name="@BeforeSuite setupSuite" time="0.0">
    <ignored/>
  </testcase> <!-- @BeforeSuite setupSuite -->
  <testcase classname="tests.base.BaseTest" name="@BeforeSuite setupSuite" time="0.0">
    <ignored/>
  </testcase> <!-- @BeforeSuite setupSuite -->
  <testcase classname="tests.base.BaseTest" name="@AfterSuite afterSuite" time="0.0">
    <ignored/>
  </testcase> <!-- @AfterSuite afterSuite -->
  <testcase classname="tests.base.BaseTest" name="@BeforeSuite setupSuite" time="0.0">
    <ignored/>
  </testcase> <!-- @BeforeSuite setupSuite -->
  <testcase classname="tests.base.BaseTest" name="@AfterSuite afterSuite" time="0.0">
    <ignored/>
  </testcase> <!-- @AfterSuite afterSuite -->
  <testcase classname="tests.base.BaseTest" name="@AfterSuite afterSuite" time="0.0">
    <ignored/>
  </testcase> <!-- @AfterSuite afterSuite -->
  <testcase classname="tests.base.BaseTest" name="@BeforeSuite setupSuite" time="0.0">
    <ignored/>
  </testcase> <!-- @BeforeSuite setupSuite -->
  <testcase classname="tests.base.BaseTest" name="@AfterSuite afterSuite" time="0.0">
    <ignored/>
  </testcase> <!-- @AfterSuite afterSuite -->
  <testcase classname="tests.base.BaseTest" name="@AfterSuite afterSuite" time="0.0">
    <ignored/>
  </testcase> <!-- @AfterSuite afterSuite -->
  <testcase classname="tests.base.BaseTest" name="@BeforeSuite setupSuite" time="0.0">
    <ignored/>
  </testcase> <!-- @BeforeSuite setupSuite -->
</testsuite> <!-- Surefire test -->
