<?xml version="1.0" encoding="UTF-8"?>
<!-- Generated by org.testng.reporters.JUnitXMLReporter -->
<testsuite ignored="10" hostname="LAPTOP-S9TO16LE" failures="0" tests="18" name="Surefire test" time="261.227" errors="0" timestamp="2026-04-26T15:26:40 GMT+07:00">
  <testcase classname="tests.details.RoomDetailTest" name="verifyBookingSuccess" time="17.127"/>
  <testcase classname="tests.details.RoomDetailTest" name="verifyBookingWithoutLogin" time="12.651"/>
  <testcase classname="tests.details.RoomDetailTest" name="verifyPriceCalculation" time="16.468"/>
  <testcase classname="tests.login.LoginTest" name="testLoginWithEmptyField" time="5.266"/>
  <testcase classname="tests.login.LoginTest" name="testLoginWithEmptyField" time="5.235"/>
  <testcase classname="tests.login.LoginTest" name="testLoginWithInvalidCredentials" time="5.371"/>
  <testcase classname="tests.login.LoginTest" name="testLoginWithInvalidCredentials" time="5.537"/>
  <testcase classname="tests.login.LoginTest" name="testLoginWithValidCredentials" time="6.166"/>
  <testcase classname="tests.register.RegisterTest" name="testRegisterWithEmptyFields" time="9.764"/>
  <testcase classname="tests.register.RegisterTest" name="testRegisterWithInvalidCredentials" time="11.38"/>
  <testcase classname="tests.register.RegisterTest" name="testRegisterWithInvalidCredentials" time="9.012"/>
  <testcase classname="tests.register.RegisterTest" name="testRegisterWithInvalidCredentials" time="9.413"/>
  <testcase classname="tests.register.RegisterTest" name="testRegisterWithValidCredentials" time="11.019"/>
  <testcase classname="tests.rooms.RoomTest" name="verifyFilterByPriceRange" time="75.983"/>
  <testcase classname="tests.rooms.RoomTest" name="verifySearchRoom" time="20.471"/>
  <testcase classname="tests.rooms.RoomTest" name="verifySearchRoomWithDate" time="8.238"/>
  <testcase classname="tests.rooms.RoomTest" name="verifySearchRoomWithGuest" time="4.836"/>
  <testcase classname="tests.rooms.RoomTest" name="verifySwiperNextWorking" time="11.806"/>
  <testcase classname="tests.base.BaseTest" name="@BeforeSuite setupSuite" time="0.0">
    <ignored/>
  </testcase> <!-- @BeforeSuite setupSuite -->
  <testcase classname="tests.base.BaseTest" name="@BeforeSuite setupSuite" time="0.0">
    <ignored/>
  </testcase> <!-- @BeforeSuite setupSuite -->
  <testcase classname="tests.base.BaseTest" name="@AfterSuite afterSuite" time="0.0">
    <ignored/>
  </testcase> <!-- @AfterSuite afterSuite -->
  <testcase classname="tests.base.BaseTest" name="@BeforeSuite setupSuite" time="0.0">
    <ignored/>
  </testcase> <!-- @BeforeSuite setupSuite -->
  <testcase classname="tests.base.BaseTest" name="@AfterSuite afterSuite" time="0.0">
    <ignored/>
  </testcase> <!-- @AfterSuite afterSuite -->
  <testcase classname="tests.base.BaseTest" name="@AfterSuite afterSuite" time="0.0">
    <ignored/>
  </testcase> <!-- @AfterSuite afterSuite -->
  <testcase classname="tests.base.BaseTest" name="@BeforeSuite setupSuite" time="0.0">
    <ignored/>
  </testcase> <!-- @BeforeSuite setupSuite -->
  <testcase classname="tests.base.BaseTest" name="@AfterSuite afterSuite" time="0.0">
    <ignored/>
  </testcase> <!-- @AfterSuite afterSuite -->
  <testcase classname="tests.base.BaseTest" name="@AfterSuite afterSuite" time="0.0">
    <ignored/>
  </testcase> <!-- @AfterSuite afterSuite -->
  <testcase classname="tests.base.BaseTest" name="@BeforeSuite setupSuite" time="0.0">
    <ignored/>
  </testcase> <!-- @BeforeSuite setupSuite -->
</testsuite> <!-- Surefire test -->
