<?xml version="1.0" encoding="UTF-8"?>
<testng-results ignored="0" total="19" passed="18" failed="1" skipped="0">
  <reporter-output>
  </reporter-output>
  <suite started-at="2026-04-26T14:52:00 GMT+07:00" name="Surefire suite" finished-at="2026-04-26T14:56:43 GMT+07:00" duration-ms="282655">
    <groups>
    </groups>
    <test started-at="2026-04-26T14:52:00 GMT+07:00" name="Surefire test" finished-at="2026-04-26T14:56:43 GMT+07:00" duration-ms="282655">
      <class name="tests.register.RegisterTest">
        <test-method is-config="true" signature="setUp(java.lang.reflect.Method)[pri:0, instance:tests.register.RegisterTest@5906ebcb]" started-at="2026-04-26T14:53:49 GMT+07:00" name="setUp" finished-at="2026-04-26T14:53:50 GMT+07:00" duration-ms="660" status="PASS">
          <params>
            <param index="0">
              <value>
                <![CDATA[public void tests.register.RegisterTest.testRegisterWithEmptyFields(framework.enums.RegisterType)]]>
              </value>
            </param>
          </params>
          <reporter-output>
          </reporter-output>
        </test-method> <!-- setUp -->
        <test-method signature="testRegisterWithEmptyFields(framework.enums.RegisterType)[pri:0, instance:tests.register.RegisterTest@5906ebcb]" started-at="2026-04-26T14:53:50 GMT+07:00" name="testRegisterWithEmptyFields" data-provider="emptyFields" finished-at="2026-04-26T14:53:59 GMT+07:00" duration-ms="9120" status="PASS">
          <params>
            <param index="0">
              <value>
                <![CDATA[EMPTY_FIELD]]>
              </value>
            </param>
          </params>
          <reporter-output>
          </reporter-output>
        </test-method> <!-- testRegisterWithEmptyFields -->
        <test-method is-config="true" signature="tearDown()[pri:0, instance:tests.register.RegisterTest@5906ebcb]" started-at="2026-04-26T14:53:59 GMT+07:00" name="tearDown" finished-at="2026-04-26T14:53:59 GMT+07:00" duration-ms="148" status="PASS">
          <reporter-output>
          </reporter-output>
        </test-method> <!-- tearDown -->
        <test-method is-config="true" signature="setUp(java.lang.reflect.Method)[pri:0, instance:tests.register.RegisterTest@5906ebcb]" started-at="2026-04-26T14:53:59 GMT+07:00" name="setUp" finished-at="2026-04-26T14:54:00 GMT+07:00" duration-ms="731" status="PASS">
          <params>
            <param index="0">
              <value>
                <![CDATA[public void tests.register.RegisterTest.testRegisterWithInvalidCredentials(framework.enums.RegisterType)]]>
              </value>
            </param>
          </params>
          <reporter-output>
          </reporter-output>
        </test-method> <!-- setUp -->
        <test-method signature="testRegisterWithInvalidCredentials(framework.enums.RegisterType)[pri:0, instance:tests.register.RegisterTest@5906ebcb]" started-at="2026-04-26T14:54:00 GMT+07:00" name="testRegisterWithInvalidCredentials" data-provider="invalidCredentials" finished-at="2026-04-26T14:54:12 GMT+07:00" duration-ms="11832" status="PASS">
          <params>
            <param index="0">
              <value>
                <![CDATA[INVALID_CREDENTIALS]]>
              </value>
            </param>
          </params>
          <reporter-output>
          </reporter-output>
        </test-method> <!-- testRegisterWithInvalidCredentials -->
        <test-method is-config="true" signature="tearDown()[pri:0, instance:tests.register.RegisterTest@5906ebcb]" started-at="2026-04-26T14:54:12 GMT+07:00" name="tearDown" finished-at="2026-04-26T14:54:12 GMT+07:00" duration-ms="192" status="PASS">
          <reporter-output>
          </reporter-output>
        </test-method> <!-- tearDown -->
        <test-method is-config="true" signature="setUp(java.lang.reflect.Method)[pri:0, instance:tests.register.RegisterTest@5906ebcb]" started-at="2026-04-26T14:54:12 GMT+07:00" name="setUp" finished-at="2026-04-26T14:54:13 GMT+07:00" duration-ms="666" status="PASS">
          <params>
            <param index="0">
              <value>
                <![CDATA[public void tests.register.RegisterTest.testRegisterWithInvalidCredentials(framework.enums.RegisterType)]]>
              </value>
            </param>
          </params>
          <reporter-output>
          </reporter-output>
        </test-method> <!-- setUp -->
        <test-method signature="testRegisterWithInvalidCredentials(framework.enums.RegisterType)[pri:0, instance:tests.register.RegisterTest@5906ebcb]" started-at="2026-04-26T14:54:13 GMT+07:00" name="testRegisterWithInvalidCredentials" data-provider="invalidCredentials" finished-at="2026-04-26T14:54:23 GMT+07:00" duration-ms="10435" status="PASS">
          <params>
            <param index="0">
              <value>
                <![CDATA[INVALID_EMAIL_FORMAT]]>
              </value>
            </param>
          </params>
          <reporter-output>
          </reporter-output>
        </test-method> <!-- testRegisterWithInvalidCredentials -->
        <test-method is-config="true" signature="tearDown()[pri:0, instance:tests.register.RegisterTest@5906ebcb]" started-at="2026-04-26T14:54:23 GMT+07:00" name="tearDown" finished-at="2026-04-26T14:54:23 GMT+07:00" duration-ms="144" status="PASS">
          <reporter-output>
          </reporter-output>
        </test-method> <!-- tearDown -->
        <test-method is-config="true" signature="setUp(java.lang.reflect.Method)[pri:0, instance:tests.register.RegisterTest@5906ebcb]" started-at="2026-04-26T14:54:23 GMT+07:00" name="setUp" finished-at="2026-04-26T14:54:24 GMT+07:00" duration-ms="659" status="PASS">
          <params>
            <param index="0">
              <value>
                <![CDATA[public void tests.register.RegisterTest.testRegisterWithInvalidCredentials(framework.enums.RegisterType)]]>
              </value>
            </param>
          </params>
          <reporter-output>
          </reporter-output>
        </test-method> <!-- setUp -->
        <test-method signature="testRegisterWithInvalidCredentials(framework.enums.RegisterType)[pri:0, instance:tests.register.RegisterTest@5906ebcb]" started-at="2026-04-26T14:54:24 GMT+07:00" name="testRegisterWithInvalidCredentials" data-provider="invalidCredentials" finished-at="2026-04-26T14:54:35 GMT+07:00" duration-ms="11327" status="PASS">
          <params>
            <param index="0">
              <value>
                <![CDATA[INVALID_PHONE]]>
              </value>
            </param>
          </params>
          <reporter-output>
          </reporter-output>
        </test-method> <!-- testRegisterWithInvalidCredentials -->
        <test-method is-config="true" signature="tearDown()[pri:0, instance:tests.register.RegisterTest@5906ebcb]" started-at="2026-04-26T14:54:35 GMT+07:00" name="tearDown" finished-at="2026-04-26T14:54:35 GMT+07:00" duration-ms="110" status="PASS">
          <reporter-output>
          </reporter-output>
        </test-method> <!-- tearDown -->
        <test-method is-config="true" signature="setUp(java.lang.reflect.Method)[pri:0, instance:tests.register.RegisterTest@5906ebcb]" started-at="2026-04-26T14:54:35 GMT+07:00" name="setUp" finished-at="2026-04-26T14:54:36 GMT+07:00" duration-ms="584" status="PASS">
          <params>
            <param index="0">
              <value>
                <![CDATA[public void tests.register.RegisterTest.testRegisterWithValidCredentials(framework.enums.RegisterType)]]>
              </value>
            </param>
          </params>
          <reporter-output>
          </reporter-output>
        </test-method> <!-- setUp -->
        <test-method signature="testRegisterWithValidCredentials(framework.enums.RegisterType)[pri:0, instance:tests.register.RegisterTest@5906ebcb]" started-at="2026-04-26T14:54:36 GMT+07:00" name="testRegisterWithValidCredentials" data-provider="validCredentials" finished-at="2026-04-26T14:54:46 GMT+07:00" duration-ms="10475" status="PASS">
          <params>
            <param index="0">
              <value>
                <![CDATA[VALID_CREDENTIALS]]>
              </value>
            </param>
          </params>
          <reporter-output>
          </reporter-output>
        </test-method> <!-- testRegisterWithValidCredentials -->
        <test-method is-config="true" signature="tearDown()[pri:0, instance:tests.register.RegisterTest@5906ebcb]" started-at="2026-04-26T14:54:46 GMT+07:00" name="tearDown" finished-at="2026-04-26T14:54:47 GMT+07:00" duration-ms="155" status="PASS">
          <reporter-output>
          </reporter-output>
        </test-method> <!-- tearDown -->
      </class> <!-- tests.register.RegisterTest -->
      <class name="tests.profile.ProfileTest">
        <test-method is-config="true" signature="setUp(java.lang.reflect.Method)[pri:0, instance:tests.profile.ProfileTest@3b2da18f]" started-at="2026-04-26T14:53:32 GMT+07:00" name="setUp" finished-at="2026-04-26T14:53:33 GMT+07:00" duration-ms="661" status="PASS">
          <params>
            <param index="0">
              <value>
                <![CDATA[public void tests.profile.ProfileTest.TC20_ViewBookingHistory()]]>
              </value>
            </param>
          </params>
          <reporter-output>
          </reporter-output>
        </test-method> <!-- setUp -->
        <test-method signature="TC20_ViewBookingHistory()[pri:0, instance:tests.profile.ProfileTest@3b2da18f]" started-at="2026-04-26T14:53:33 GMT+07:00" name="TC20_ViewBookingHistory" description="TC20 - View booking history after successful booking" finished-at="2026-04-26T14:53:49 GMT+07:00" duration-ms="16576" status="FAIL">
          <exception class="org.openqa.selenium.ElementClickInterceptedException">
            <message>
              <![CDATA[element click intercepted: Element <button type="button" class="rdrNextPrevButton rdrNextButton" data-old-style="" style="">...</button> is not clickable at point (775, 296). Other element would receive the click: <div class="fixed inset-0 bg-white   flex items-center justify-center" style="z-index: 9999;">...</div>
  (Session info: chrome=141.0.7390.55)
Build info: version: '4.38.0', revision: '6b412e825c*'
System info: os.name: 'Windows 11', os.arch: 'amd64', os.version: '10.0', java.version: '25.0.1'
Driver info: org.openqa.selenium.chrome.ChromeDriver
Command: [84dd35d6606b1c2e033450b50cbab509, clickElement {id=f.48B2BF90ED20A2E4A2D4BEAB91532C82.d.97A39F990F1C27CFC3F1BDEE42CD62C9.e.818}]
Capabilities {acceptInsecureCerts: false, browserName: chrome, browserVersion: 141.0.7390.55, chrome: {chromedriverVersion: 141.0.7390.122 (b477534e7e1..., userDataDir: C:\Users\admin\AppData\Loca...}, fedcm:accounts: true, goog:chromeOptions: {debuggerAddress: localhost:60218}, networkConnectionEnabled: false, pageLoadStrategy: normal, platformName: windows, proxy: Proxy(), se:cdp: ws://localhost:60218/devtoo..., se:cdpVersion: 141.0.7390.55, setWindowRect: true, strictFileInteractability: false, timeouts: {implicit: 0, pageLoad: 300000, script: 30000}, unhandledPromptBehavior: dismiss and notify, webauthn:extension:credBlob: true, webauthn:extension:largeBlob: true, webauthn:extension:minPinLength: true, webauthn:extension:prf: true, webauthn:virtualAuthenticators: true}
Element: [[ChromeDriver: chrome on windows (84dd35d6606b1c2e033450b50cbab509)] -> xpath: //button[contains(@class,'rdrNextButton')]]
Session ID: 84dd35d6606b1c2e033450b50cbab509]]>
            </message>
            <full-stacktrace>
              <![CDATA[org.openqa.selenium.ElementClickInterceptedException: element click intercepted: Element <button type="button" class="rdrNextPrevButton rdrNextButton" data-old-style="" style="">...</button> is not clickable at point (775, 296). Other element would receive the click: <div class="fixed inset-0 bg-white   flex items-center justify-center" style="z-index: 9999;">...</div>
  (Session info: chrome=141.0.7390.55)
Build info: version: '4.38.0', revision: '6b412e825c*'
System info: os.name: 'Windows 11', os.arch: 'amd64', os.version: '10.0', java.version: '25.0.1'
Driver info: org.openqa.selenium.chrome.ChromeDriver
Command: [84dd35d6606b1c2e033450b50cbab509, clickElement {id=f.48B2BF90ED20A2E4A2D4BEAB91532C82.d.97A39F990F1C27CFC3F1BDEE42CD62C9.e.818}]
Capabilities {acceptInsecureCerts: false, browserName: chrome, browserVersion: 141.0.7390.55, chrome: {chromedriverVersion: 141.0.7390.122 (b477534e7e1..., userDataDir: C:\Users\admin\AppData\Loca...}, fedcm:accounts: true, goog:chromeOptions: {debuggerAddress: localhost:60218}, networkConnectionEnabled: false, pageLoadStrategy: normal, platformName: windows, proxy: Proxy(), se:cdp: ws://localhost:60218/devtoo..., se:cdpVersion: 141.0.7390.55, setWindowRect: true, strictFileInteractability: false, timeouts: {implicit: 0, pageLoad: 300000, script: 30000}, unhandledPromptBehavior: dismiss and notify, webauthn:extension:credBlob: true, webauthn:extension:largeBlob: true, webauthn:extension:minPinLength: true, webauthn:extension:prf: true, webauthn:virtualAuthenticators: true}
Element: [[ChromeDriver: chrome on windows (84dd35d6606b1c2e033450b50cbab509)] -> xpath: //button[contains(@class,'rdrNextButton')]]
Session ID: 84dd35d6606b1c2e033450b50cbab509
at java.base/jdk.internal.reflect.DirectConstructorHandleAccessor.newInstance(DirectConstructorHandleAccessor.java:62)
at java.base/java.lang.reflect.Constructor.newInstanceWithCaller(Constructor.java:499)
at java.base/java.lang.reflect.Constructor.newInstance(Constructor.java:483)
at org.openqa.selenium.remote.ErrorCodec.decode(ErrorCodec.java:167)
at org.openqa.selenium.remote.codec.w3c.W3CHttpResponseCodec.decode(W3CHttpResponseCodec.java:138)
at org.openqa.selenium.remote.codec.w3c.W3CHttpResponseCodec.decode(W3CHttpResponseCodec.java:50)
at org.openqa.selenium.remote.HttpCommandExecutor.execute(HttpCommandExecutor.java:215)
at org.openqa.selenium.remote.service.DriverCommandExecutor.invokeExecute(DriverCommandExecutor.java:216)
at org.openqa.selenium.remote.service.DriverCommandExecutor.execute(DriverCommandExecutor.java:174)
at org.openqa.selenium.remote.RemoteWebDriver.execute(RemoteWebDriver.java:557)
at org.openqa.selenium.remote.RemoteWebElement.execute(RemoteWebElement.java:223)
at org.openqa.selenium.remote.RemoteWebElement.click(RemoteWebElement.java:76)
at framework.actions.ElementActions.clicksBy(ElementActions.java:30)
at pages.details.RoomDetailPage.clickNextMonthButton(RoomDetailPage.java:48)
at framework.actions.RoomDetailAction.bookRoomAndGoToProfile(RoomDetailAction.java:45)
at tests.profile.ProfileTest.TC20_ViewBookingHistory(ProfileTest.java:45)
at java.base/jdk.internal.reflect.DirectMethodHandleAccessor.invoke(DirectMethodHandleAccessor.java:104)
at java.base/java.lang.reflect.Method.invoke(Method.java:565)
at org.testng.internal.invokers.MethodInvocationHelper.invokeMethod(MethodInvocationHelper.java:139)
at org.testng.internal.invokers.TestInvoker.invokeMethod(TestInvoker.java:664)
at org.testng.internal.invokers.TestInvoker.invokeTestMethod(TestInvoker.java:228)
at org.testng.internal.invokers.MethodRunner.runInSequence(MethodRunner.java:63)
at org.testng.internal.invokers.TestInvoker$MethodInvocationAgent.invoke(TestInvoker.java:961)
at org.testng.internal.invokers.TestInvoker.invokeTestMethods(TestInvoker.java:201)
at org.testng.internal.invokers.TestMethodWorker.invokeTestMethods(TestMethodWorker.java:148)
at org.testng.internal.invokers.TestMethodWorker.run(TestMethodWorker.java:128)
at java.base/java.util.ArrayList.forEach(ArrayList.java:1604)
at org.testng.TestRunner.privateRun(TestRunner.java:819)
at org.testng.TestRunner.run(TestRunner.java:619)
at org.testng.SuiteRunner.runTest(SuiteRunner.java:443)
at org.testng.SuiteRunner.runSequentially(SuiteRunner.java:437)
at org.testng.SuiteRunner.privateRun(SuiteRunner.java:397)
at org.testng.SuiteRunner.run(SuiteRunner.java:336)
at org.testng.SuiteRunnerWorker.runSuite(SuiteRunnerWorker.java:52)
at org.testng.SuiteRunnerWorker.run(SuiteRunnerWorker.java:95)
at org.testng.TestNG.runSuitesSequentially(TestNG.java:1301)
at org.testng.TestNG.runSuitesLocally(TestNG.java:1228)
at org.testng.TestNG.runSuites(TestNG.java:1134)
at org.testng.TestNG.run(TestNG.java:1101)
at org.apache.maven.surefire.testng.TestNGExecutor.run(TestNGExecutor.java:155)
at org.apache.maven.surefire.testng.TestNGDirectoryTestSuite.executeMulti(TestNGDirectoryTestSuite.java:169)
at org.apache.maven.surefire.testng.TestNGDirectoryTestSuite.execute(TestNGDirectoryTestSuite.java:88)
at org.apache.maven.surefire.testng.TestNGProvider.invoke(TestNGProvider.java:137)
at org.apache.maven.surefire.booter.ForkedBooter.runSuitesInProcess(ForkedBooter.java:385)
at org.apache.maven.surefire.booter.ForkedBooter.execute(ForkedBooter.java:162)
at org.apache.maven.surefire.booter.ForkedBooter.run(ForkedBooter.java:507)
at org.apache.maven.surefire.booter.ForkedBooter.main(ForkedBooter.java:495)
]]>
            </full-stacktrace>
          </exception> <!-- org.openqa.selenium.ElementClickInterceptedException -->
          <reporter-output>
          </reporter-output>
        </test-method> <!-- TC20_ViewBookingHistory -->
        <test-method is-config="true" signature="tearDown()[pri:0, instance:tests.profile.ProfileTest@3b2da18f]" started-at="2026-04-26T14:53:49 GMT+07:00" name="tearDown" finished-at="2026-04-26T14:53:49 GMT+07:00" duration-ms="161" status="PASS">
          <reporter-output>
          </reporter-output>
        </test-method> <!-- tearDown -->
      </class> <!-- tests.profile.ProfileTest -->
      <class name="tests.login.LoginTest">
        <test-method is-config="true" signature="setUp(java.lang.reflect.Method)[pri:0, instance:tests.login.LoginTest@6b419da]" started-at="2026-04-26T14:52:56 GMT+07:00" name="setUp" finished-at="2026-04-26T14:52:56 GMT+07:00" duration-ms="652" status="PASS">
          <params>
            <param index="0">
              <value>
                <![CDATA[public void tests.login.LoginTest.testLoginWithEmptyField(framework.enums.LoginType)]]>
              </value>
            </param>
          </params>
          <reporter-output>
          </reporter-output>
        </test-method> <!-- setUp -->
        <test-method signature="testLoginWithEmptyField(framework.enums.LoginType)[pri:0, instance:tests.login.LoginTest@6b419da]" started-at="2026-04-26T14:52:56 GMT+07:00" name="testLoginWithEmptyField" data-provider="emptyFields" finished-at="2026-04-26T14:53:02 GMT+07:00" duration-ms="5660" status="PASS">
          <params>
            <param index="0">
              <value>
                <![CDATA[EMPTY_FIELD]]>
              </value>
            </param>
          </params>
          <reporter-output>
          </reporter-output>
        </test-method> <!-- testLoginWithEmptyField -->
        <test-method is-config="true" signature="tearDown()[pri:0, instance:tests.login.LoginTest@6b419da]" started-at="2026-04-26T14:53:02 GMT+07:00" name="tearDown" finished-at="2026-04-26T14:53:02 GMT+07:00" duration-ms="115" status="PASS">
          <reporter-output>
          </reporter-output>
        </test-method> <!-- tearDown -->
        <test-method is-config="true" signature="setUp(java.lang.reflect.Method)[pri:0, instance:tests.login.LoginTest@6b419da]" started-at="2026-04-26T14:53:02 GMT+07:00" name="setUp" finished-at="2026-04-26T14:53:03 GMT+07:00" duration-ms="700" status="PASS">
          <params>
            <param index="0">
              <value>
                <![CDATA[public void tests.login.LoginTest.testLoginWithEmptyField(framework.enums.LoginType)]]>
              </value>
            </param>
          </params>
          <reporter-output>
          </reporter-output>
        </test-method> <!-- setUp -->
        <test-method signature="testLoginWithEmptyField(framework.enums.LoginType)[pri:0, instance:tests.login.LoginTest@6b419da]" started-at="2026-04-26T14:53:03 GMT+07:00" name="testLoginWithEmptyField" data-provider="emptyFields" finished-at="2026-04-26T14:53:08 GMT+07:00" duration-ms="5820" status="PASS">
          <params>
            <param index="0">
              <value>
                <![CDATA[EMPTY_PASSWORD]]>
              </value>
            </param>
          </params>
          <reporter-output>
          </reporter-output>
        </test-method> <!-- testLoginWithEmptyField -->
        <test-method is-config="true" signature="tearDown()[pri:0, instance:tests.login.LoginTest@6b419da]" started-at="2026-04-26T14:53:08 GMT+07:00" name="tearDown" finished-at="2026-04-26T14:53:09 GMT+07:00" duration-ms="118" status="PASS">
          <reporter-output>
          </reporter-output>
        </test-method> <!-- tearDown -->
        <test-method is-config="true" signature="setUp(java.lang.reflect.Method)[pri:0, instance:tests.login.LoginTest@6b419da]" started-at="2026-04-26T14:53:09 GMT+07:00" name="setUp" finished-at="2026-04-26T14:53:09 GMT+07:00" duration-ms="608" status="PASS">
          <params>
            <param index="0">
              <value>
                <![CDATA[public void tests.login.LoginTest.testLoginWithInvalidCredentials(framework.enums.LoginType)]]>
              </value>
            </param>
          </params>
          <reporter-output>
          </reporter-output>
        </test-method> <!-- setUp -->
        <test-method signature="testLoginWithInvalidCredentials(framework.enums.LoginType)[pri:0, instance:tests.login.LoginTest@6b419da]" started-at="2026-04-26T14:53:09 GMT+07:00" name="testLoginWithInvalidCredentials" data-provider="invalidCredentials" finished-at="2026-04-26T14:53:17 GMT+07:00" duration-ms="7795" status="PASS">
          <params>
            <param index="0">
              <value>
                <![CDATA[INVALID_CREDENTIALS]]>
              </value>
            </param>
          </params>
          <reporter-output>
          </reporter-output>
        </test-method> <!-- testLoginWithInvalidCredentials -->
        <test-method is-config="true" signature="tearDown()[pri:0, instance:tests.login.LoginTest@6b419da]" started-at="2026-04-26T14:53:17 GMT+07:00" name="tearDown" finished-at="2026-04-26T14:53:17 GMT+07:00" duration-ms="106" status="PASS">
          <reporter-output>
          </reporter-output>
        </test-method> <!-- tearDown -->
        <test-method is-config="true" signature="setUp(java.lang.reflect.Method)[pri:0, instance:tests.login.LoginTest@6b419da]" started-at="2026-04-26T14:53:17 GMT+07:00" name="setUp" finished-at="2026-04-26T14:53:18 GMT+07:00" duration-ms="687" status="PASS">
          <params>
            <param index="0">
              <value>
                <![CDATA[public void tests.login.LoginTest.testLoginWithInvalidCredentials(framework.enums.LoginType)]]>
              </value>
            </param>
          </params>
          <reporter-output>
          </reporter-output>
        </test-method> <!-- setUp -->
        <test-method signature="testLoginWithInvalidCredentials(framework.enums.LoginType)[pri:0, instance:tests.login.LoginTest@6b419da]" started-at="2026-04-26T14:53:18 GMT+07:00" name="testLoginWithInvalidCredentials" data-provider="invalidCredentials" finished-at="2026-04-26T14:53:23 GMT+07:00" duration-ms="5241" status="PASS">
          <params>
            <param index="0">
              <value>
                <![CDATA[INVALID_EMAIL_FORMAT]]>
              </value>
            </param>
          </params>
          <reporter-output>
          </reporter-output>
        </test-method> <!-- testLoginWithInvalidCredentials -->
        <test-method is-config="true" signature="tearDown()[pri:0, instance:tests.login.LoginTest@6b419da]" started-at="2026-04-26T14:53:23 GMT+07:00" name="tearDown" finished-at="2026-04-26T14:53:23 GMT+07:00" duration-ms="185" status="PASS">
          <reporter-output>
          </reporter-output>
        </test-method> <!-- tearDown -->
        <test-method is-config="true" signature="setUp(java.lang.reflect.Method)[pri:0, instance:tests.login.LoginTest@6b419da]" started-at="2026-04-26T14:53:23 GMT+07:00" name="setUp" finished-at="2026-04-26T14:53:24 GMT+07:00" duration-ms="731" status="PASS">
          <params>
            <param index="0">
              <value>
                <![CDATA[public void tests.login.LoginTest.testLoginWithValidCredentials(framework.enums.LoginType)]]>
              </value>
            </param>
          </params>
          <reporter-output>
          </reporter-output>
        </test-method> <!-- setUp -->
        <test-method signature="testLoginWithValidCredentials(framework.enums.LoginType)[pri:0, instance:tests.login.LoginTest@6b419da]" started-at="2026-04-26T14:53:24 GMT+07:00" name="testLoginWithValidCredentials" description="TC01: Đăng ký thành công với thông tin hợp lệ" data-provider="validCredentials" finished-at="2026-04-26T14:53:32 GMT+07:00" duration-ms="7800" status="PASS">
          <params>
            <param index="0">
              <value>
                <![CDATA[VALID_CREDENTIALS]]>
              </value>
            </param>
          </params>
          <reporter-output>
          </reporter-output>
        </test-method> <!-- testLoginWithValidCredentials -->
        <test-method is-config="true" signature="tearDown()[pri:0, instance:tests.login.LoginTest@6b419da]" started-at="2026-04-26T14:53:32 GMT+07:00" name="tearDown" finished-at="2026-04-26T14:53:32 GMT+07:00" duration-ms="137" status="PASS">
          <reporter-output>
          </reporter-output>
        </test-method> <!-- tearDown -->
      </class> <!-- tests.login.LoginTest -->
      <class name="tests.details.RoomDetailTest">
        <test-method is-config="true" signature="setUp(java.lang.reflect.Method)[pri:0, instance:tests.details.RoomDetailTest@14ec4505]" started-at="2026-04-26T14:52:00 GMT+07:00" name="setUp" finished-at="2026-04-26T14:52:04 GMT+07:00" duration-ms="3732" status="PASS">
          <params>
            <param index="0">
              <value>
                <![CDATA[public void tests.details.RoomDetailTest.verifyBookingSuccess()]]>
              </value>
            </param>
          </params>
          <reporter-output>
          </reporter-output>
        </test-method> <!-- setUp -->
        <test-method signature="verifyBookingSuccess()[pri:0, instance:tests.details.RoomDetailTest@14ec4505]" started-at="2026-04-26T14:52:04 GMT+07:00" name="verifyBookingSuccess" description="TC16 - Booking success" finished-at="2026-04-26T14:52:26 GMT+07:00" duration-ms="22096" status="PASS">
          <reporter-output>
          </reporter-output>
        </test-method> <!-- verifyBookingSuccess -->
        <test-method is-config="true" signature="tearDown()[pri:0, instance:tests.details.RoomDetailTest@14ec4505]" started-at="2026-04-26T14:52:26 GMT+07:00" name="tearDown" finished-at="2026-04-26T14:52:26 GMT+07:00" duration-ms="276" status="PASS">
          <reporter-output>
          </reporter-output>
        </test-method> <!-- tearDown -->
        <test-method is-config="true" signature="setUp(java.lang.reflect.Method)[pri:0, instance:tests.details.RoomDetailTest@14ec4505]" started-at="2026-04-26T14:52:26 GMT+07:00" name="setUp" finished-at="2026-04-26T14:52:27 GMT+07:00" duration-ms="677" status="PASS">
          <params>
            <param index="0">
              <value>
                <![CDATA[public void tests.details.RoomDetailTest.verifyBookingWithoutLogin()]]>
              </value>
            </param>
          </params>
          <reporter-output>
          </reporter-output>
        </test-method> <!-- setUp -->
        <test-method signature="verifyBookingWithoutLogin()[pri:0, instance:tests.details.RoomDetailTest@14ec4505]" started-at="2026-04-26T14:52:27 GMT+07:00" name="verifyBookingWithoutLogin" description="TC18 - Booking fails when not logged in" finished-at="2026-04-26T14:52:40 GMT+07:00" duration-ms="13216" status="PASS">
          <reporter-output>
          </reporter-output>
        </test-method> <!-- verifyBookingWithoutLogin -->
        <test-method is-config="true" signature="tearDown()[pri:0, instance:tests.details.RoomDetailTest@14ec4505]" started-at="2026-04-26T14:52:40 GMT+07:00" name="tearDown" finished-at="2026-04-26T14:52:40 GMT+07:00" duration-ms="155" status="PASS">
          <reporter-output>
          </reporter-output>
        </test-method> <!-- tearDown -->
        <test-method is-config="true" signature="setUp(java.lang.reflect.Method)[pri:0, instance:tests.details.RoomDetailTest@14ec4505]" started-at="2026-04-26T14:52:40 GMT+07:00" name="setUp" finished-at="2026-04-26T14:52:41 GMT+07:00" duration-ms="577" status="PASS">
          <params>
            <param index="0">
              <value>
                <![CDATA[public void tests.details.RoomDetailTest.verifyPriceCalculation()]]>
              </value>
            </param>
          </params>
          <reporter-output>
          </reporter-output>
        </test-method> <!-- setUp -->
        <test-method signature="verifyPriceCalculation()[pri:0, instance:tests.details.RoomDetailTest@14ec4505]" started-at="2026-04-26T14:52:41 GMT+07:00" name="verifyPriceCalculation" description="TC17 - Validate total price calculation including cleaning fee" finished-at="2026-04-26T14:52:55 GMT+07:00" duration-ms="14321" status="PASS">
          <reporter-output>
          </reporter-output>
        </test-method> <!-- verifyPriceCalculation -->
        <test-method is-config="true" signature="tearDown()[pri:0, instance:tests.details.RoomDetailTest@14ec4505]" started-at="2026-04-26T14:52:55 GMT+07:00" name="tearDown" finished-at="2026-04-26T14:52:56 GMT+07:00" duration-ms="149" status="PASS">
          <reporter-output>
          </reporter-output>
        </test-method> <!-- tearDown -->
      </class> <!-- tests.details.RoomDetailTest -->
      <class name="tests.rooms.RoomTest">
        <test-method is-config="true" signature="setUp(java.lang.reflect.Method)[pri:0, instance:tests.rooms.RoomTest@258e2e41]" started-at="2026-04-26T14:54:47 GMT+07:00" name="setUp" finished-at="2026-04-26T14:54:47 GMT+07:00" duration-ms="610" status="PASS">
          <params>
            <param index="0">
              <value>
                <![CDATA[public void tests.rooms.RoomTest.verifyFilterByPriceRange()]]>
              </value>
            </param>
          </params>
          <reporter-output>
          </reporter-output>
        </test-method> <!-- setUp -->
        <test-method signature="verifyFilterByPriceRange()[pri:0, instance:tests.rooms.RoomTest@258e2e41]" started-at="2026-04-26T14:54:47 GMT+07:00" name="verifyFilterByPriceRange" description="Verify that the system correctly filters products by price range only." finished-at="2026-04-26T14:56:02 GMT+07:00" duration-ms="74692" status="PASS">
          <reporter-output>
          </reporter-output>
        </test-method> <!-- verifyFilterByPriceRange -->
        <test-method is-config="true" signature="tearDown()[pri:0, instance:tests.rooms.RoomTest@258e2e41]" started-at="2026-04-26T14:56:02 GMT+07:00" name="tearDown" finished-at="2026-04-26T14:56:02 GMT+07:00" duration-ms="237" status="PASS">
          <reporter-output>
          </reporter-output>
        </test-method> <!-- tearDown -->
        <test-method is-config="true" signature="setUp(java.lang.reflect.Method)[pri:0, instance:tests.rooms.RoomTest@258e2e41]" started-at="2026-04-26T14:56:02 GMT+07:00" name="setUp" finished-at="2026-04-26T14:56:03 GMT+07:00" duration-ms="568" status="PASS">
          <params>
            <param index="0">
              <value>
                <![CDATA[public void tests.rooms.RoomTest.verifySearchRoom()]]>
              </value>
            </param>
          </params>
          <reporter-output>
          </reporter-output>
        </test-method> <!-- setUp -->
        <test-method signature="verifySearchRoom()[pri:0, instance:tests.rooms.RoomTest@258e2e41]" started-at="2026-04-26T14:56:03 GMT+07:00" name="verifySearchRoom" description="Verify user can search room successfully" finished-at="2026-04-26T14:56:06 GMT+07:00" duration-ms="3828" status="PASS">
          <reporter-output>
          </reporter-output>
        </test-method> <!-- verifySearchRoom -->
        <test-method is-config="true" signature="tearDown()[pri:0, instance:tests.rooms.RoomTest@258e2e41]" started-at="2026-04-26T14:56:06 GMT+07:00" name="tearDown" finished-at="2026-04-26T14:56:07 GMT+07:00" duration-ms="125" status="PASS">
          <reporter-output>
          </reporter-output>
        </test-method> <!-- tearDown -->
        <test-method is-config="true" signature="setUp(java.lang.reflect.Method)[pri:0, instance:tests.rooms.RoomTest@258e2e41]" started-at="2026-04-26T14:56:07 GMT+07:00" name="setUp" finished-at="2026-04-26T14:56:07 GMT+07:00" duration-ms="649" status="PASS">
          <params>
            <param index="0">
              <value>
                <![CDATA[public void tests.rooms.RoomTest.verifySearchRoomWithDate()]]>
              </value>
            </param>
          </params>
          <reporter-output>
          </reporter-output>
        </test-method> <!-- setUp -->
        <test-method signature="verifySearchRoomWithDate()[pri:0, instance:tests.rooms.RoomTest@258e2e41]" started-at="2026-04-26T14:56:07 GMT+07:00" name="verifySearchRoomWithDate" description="Verify user can search room with date successfully" finished-at="2026-04-26T14:56:20 GMT+07:00" duration-ms="12278" status="PASS">
          <reporter-output>
          </reporter-output>
        </test-method> <!-- verifySearchRoomWithDate -->
        <test-method is-config="true" signature="tearDown()[pri:0, instance:tests.rooms.RoomTest@258e2e41]" started-at="2026-04-26T14:56:20 GMT+07:00" name="tearDown" finished-at="2026-04-26T14:56:20 GMT+07:00" duration-ms="258" status="PASS">
          <reporter-output>
          </reporter-output>
        </test-method> <!-- tearDown -->
        <test-method is-config="true" signature="setUp(java.lang.reflect.Method)[pri:0, instance:tests.rooms.RoomTest@258e2e41]" started-at="2026-04-26T14:56:20 GMT+07:00" name="setUp" finished-at="2026-04-26T14:56:20 GMT+07:00" duration-ms="608" status="PASS">
          <params>
            <param index="0">
              <value>
                <![CDATA[public void tests.rooms.RoomTest.verifySearchRoomWithGuest()]]>
              </value>
            </param>
          </params>
          <reporter-output>
          </reporter-output>
        </test-method> <!-- setUp -->
        <test-method signature="verifySearchRoomWithGuest()[pri:0, instance:tests.rooms.RoomTest@258e2e41]" started-at="2026-04-26T14:56:20 GMT+07:00" name="verifySearchRoomWithGuest" description="Verify user can search room with guest successfully" finished-at="2026-04-26T14:56:29 GMT+07:00" duration-ms="8680" status="PASS">
          <reporter-output>
          </reporter-output>
        </test-method> <!-- verifySearchRoomWithGuest -->
        <test-method is-config="true" signature="tearDown()[pri:0, instance:tests.rooms.RoomTest@258e2e41]" started-at="2026-04-26T14:56:29 GMT+07:00" name="tearDown" finished-at="2026-04-26T14:56:29 GMT+07:00" duration-ms="269" status="PASS">
          <reporter-output>
          </reporter-output>
        </test-method> <!-- tearDown -->
        <test-method is-config="true" signature="setUp(java.lang.reflect.Method)[pri:0, instance:tests.rooms.RoomTest@258e2e41]" started-at="2026-04-26T14:56:29 GMT+07:00" name="setUp" finished-at="2026-04-26T14:56:30 GMT+07:00" duration-ms="659" status="PASS">
          <params>
            <param index="0">
              <value>
                <![CDATA[public void tests.rooms.RoomTest.verifySwiperNextWorking()]]>
              </value>
            </param>
          </params>
          <reporter-output>
          </reporter-output>
        </test-method> <!-- setUp -->
        <test-method signature="verifySwiperNextWorking()[pri:0, instance:tests.rooms.RoomTest@258e2e41]" started-at="2026-04-26T14:56:30 GMT+07:00" name="verifySwiperNextWorking" description="Verify that the system correctly filters products by price range only." finished-at="2026-04-26T14:56:43 GMT+07:00" duration-ms="12672" status="PASS">
          <reporter-output>
          </reporter-output>
        </test-method> <!-- verifySwiperNextWorking -->
        <test-method is-config="true" signature="tearDown()[pri:0, instance:tests.rooms.RoomTest@258e2e41]" started-at="2026-04-26T14:56:43 GMT+07:00" name="tearDown" finished-at="2026-04-26T14:56:43 GMT+07:00" duration-ms="261" status="PASS">
          <reporter-output>
          </reporter-output>
        </test-method> <!-- tearDown -->
      </class> <!-- tests.rooms.RoomTest -->
      <class name="tests.base.BaseTest">
        <test-method is-config="true" signature="setupSuite()[pri:0, instance:tests.base.BaseTest@548a102f]" started-at="2026-04-26T14:52:00 GMT+07:00" name="setupSuite" finished-at="2026-04-26T14:52:00 GMT+07:00" duration-ms="192" status="PASS">
          <reporter-output>
          </reporter-output>
        </test-method> <!-- setupSuite -->
        <test-method is-config="true" signature="afterSuite()[pri:0, instance:tests.base.BaseTest@548a102f]" started-at="2026-04-26T14:56:44 GMT+07:00" name="afterSuite" finished-at="2026-04-26T14:56:44 GMT+07:00" duration-ms="32" status="PASS">
          <reporter-output>
          </reporter-output>
        </test-method> <!-- afterSuite -->
      </class> <!-- tests.base.BaseTest -->
    </test> <!-- Surefire test -->
  </suite> <!-- Surefire suite -->
</testng-results>
