<?xml version="1.0" encoding="UTF-8"?>
<testng-results ignored="0" total="24" passed="19" failed="5" skipped="0">
  <reporter-output>
  </reporter-output>
  <suite started-at="2026-04-18T07:03:36 GMT+07:00" name="Surefire suite" finished-at="2026-04-18T07:08:00 GMT+07:00" duration-ms="263934">
    <groups>
    </groups>
    <test started-at="2026-04-18T07:03:36 GMT+07:00" name="Surefire test" finished-at="2026-04-18T07:08:00 GMT+07:00" duration-ms="263934">
      <class name="tests.LoginTest">
        <test-method is-config="true" signature="setUp(java.lang.reflect.Method)[pri:0, instance:tests.LoginTest@78b1cc93]" started-at="2026-04-18T07:05:13 GMT+07:00" name="setUp" finished-at="2026-04-18T07:05:13 GMT+07:00" duration-ms="656" status="PASS">
          <params>
            <param index="0">
              <value>
                <![CDATA[public void tests.LoginTest.loginByApiAndVerifyDashboard()]]>
              </value>
            </param>
          </params>
          <reporter-output>
          </reporter-output>
        </test-method> <!-- setUp -->
        <test-method signature="loginByApiAndVerifyDashboard()[pri:0, instance:tests.LoginTest@78b1cc93]" started-at="2026-04-18T07:05:13 GMT+07:00" name="loginByApiAndVerifyDashboard" finished-at="2026-04-18T07:05:16 GMT+07:00" duration-ms="2968" status="FAIL">
          <exception class="java.lang.AssertionError">
            <message>
              <![CDATA[1 expectation failed.
Expected status code <200> but was <403>.
]]>
            </message>
            <full-stacktrace>
              <![CDATA[java.lang.AssertionError: 1 expectation failed.
Expected status code <200> but was <403>.

at java.base/jdk.internal.reflect.DirectConstructorHandleAccessor.newInstance(DirectConstructorHandleAccessor.java:62)
at java.base/java.lang.reflect.Constructor.newInstanceWithCaller(Constructor.java:499)
at java.base/java.lang.reflect.Constructor.newInstance(Constructor.java:483)
at org.codehaus.groovy.reflection.CachedConstructor.invoke(CachedConstructor.java:73)
at org.codehaus.groovy.runtime.callsite.ConstructorSite$ConstructorSiteNoUnwrapNoCoerce.callConstructor(ConstructorSite.java:108)
at org.codehaus.groovy.runtime.callsite.CallSiteArray.defaultCallConstructor(CallSiteArray.java:57)
at org.codehaus.groovy.runtime.callsite.AbstractCallSite.callConstructor(AbstractCallSite.java:263)
at org.codehaus.groovy.runtime.callsite.AbstractCallSite.callConstructor(AbstractCallSite.java:277)
at io.restassured.internal.ResponseSpecificationImpl$HamcrestAssertionClosure.validate(ResponseSpecificationImpl.groovy:512)
at io.restassured.internal.ResponseSpecificationImpl$HamcrestAssertionClosure$validate$1.call(Unknown Source)
at org.codehaus.groovy.runtime.callsite.CallSiteArray.defaultCall(CallSiteArray.java:45)
at org.codehaus.groovy.runtime.callsite.AbstractCallSite.call(AbstractCallSite.java:125)
at org.codehaus.groovy.runtime.callsite.AbstractCallSite.call(AbstractCallSite.java:139)
at io.restassured.internal.ResponseSpecificationImpl.validateResponseIfRequired(ResponseSpecificationImpl.groovy:696)
at io.restassured.internal.ResponseSpecificationImpl.this$2$validateResponseIfRequired(ResponseSpecificationImpl.groovy)
at java.base/jdk.internal.reflect.DirectMethodHandleAccessor.invoke(DirectMethodHandleAccessor.java:104)
at java.base/java.lang.reflect.Method.invoke(Method.java:565)
at org.codehaus.groovy.runtime.callsite.PlainObjectMetaMethodSite.doInvoke(PlainObjectMetaMethodSite.java:43)
at org.codehaus.groovy.runtime.callsite.PogoMetaMethodSite$PogoCachedMethodSiteNoUnwrapNoCoerce.invoke(PogoMetaMethodSite.java:198)
at org.codehaus.groovy.runtime.callsite.PogoMetaMethodSite.callCurrent(PogoMetaMethodSite.java:62)
at org.codehaus.groovy.runtime.callsite.CallSiteArray.defaultCallCurrent(CallSiteArray.java:49)
at org.codehaus.groovy.runtime.callsite.AbstractCallSite.callCurrent(AbstractCallSite.java:171)
at org.codehaus.groovy.runtime.callsite.AbstractCallSite.callCurrent(AbstractCallSite.java:185)
at io.restassured.internal.ResponseSpecificationImpl.statusCode(ResponseSpecificationImpl.groovy:135)
at io.restassured.specification.ResponseSpecification$statusCode$0.callCurrent(Unknown Source)
at org.codehaus.groovy.runtime.callsite.CallSiteArray.defaultCallCurrent(CallSiteArray.java:49)
at org.codehaus.groovy.runtime.callsite.AbstractCallSite.callCurrent(AbstractCallSite.java:171)
at org.codehaus.groovy.runtime.callsite.AbstractCallSite.callCurrent(AbstractCallSite.java:185)
at io.restassured.internal.ResponseSpecificationImpl.statusCode(ResponseSpecificationImpl.groovy:143)
at io.restassured.internal.ValidatableResponseOptionsImpl.statusCode(ValidatableResponseOptionsImpl.java:89)
at utils.ApiHelper.loginAndGetToken(ApiHelper.java:23)
at tests.LoginTest.loginByApiAndVerifyDashboard(LoginTest.java:15)
at java.base/jdk.internal.reflect.DirectMethodHandleAccessor.invoke(DirectMethodHandleAccessor.java:104)
at java.base/java.lang.reflect.Method.invoke(Method.java:565)
at org.testng.internal.invokers.MethodInvocationHelper.invokeMethod(MethodInvocationHelper.java:139)
at org.testng.internal.invokers.TestInvoker.invokeMethod(TestInvoker.java:664)
at org.testng.internal.invokers.TestInvoker.invokeTestMethod(TestInvoker.java:228)
at org.testng.internal.invokers.MethodRunner.runInSequence(MethodRunner.java:63)
at org.testng.internal.invokers.TestInvoker$MethodInvocationAgent.invoke(TestInvoker.java:961)
at org.testng.internal.invokers.TestInvoker.invokeTestMethods(TestInvoker.java:201)
at org.testng.internal.invokers.TestMethodWorker.invokeTestMethods(TestMethodWorker.java:148)
at org.testng.internal.invokers.TestMethodWorker.run(TestMethodWorker.java:128)
at java.base/java.util.ArrayList.forEach(ArrayList.java:1604)
at org.testng.TestRunner.privateRun(TestRunner.java:819)
at org.testng.TestRunner.run(TestRunner.java:619)
at org.testng.SuiteRunner.runTest(SuiteRunner.java:443)
at org.testng.SuiteRunner.runSequentially(SuiteRunner.java:437)
at org.testng.SuiteRunner.privateRun(SuiteRunner.java:397)
at org.testng.SuiteRunner.run(SuiteRunner.java:336)
at org.testng.SuiteRunnerWorker.runSuite(SuiteRunnerWorker.java:52)
at org.testng.SuiteRunnerWorker.run(SuiteRunnerWorker.java:95)
at org.testng.TestNG.runSuitesSequentially(TestNG.java:1301)
at org.testng.TestNG.runSuitesLocally(TestNG.java:1228)
at org.testng.TestNG.runSuites(TestNG.java:1134)
at org.testng.TestNG.run(TestNG.java:1101)
at org.apache.maven.surefire.testng.TestNGExecutor.run(TestNGExecutor.java:155)
at org.apache.maven.surefire.testng.TestNGDirectoryTestSuite.executeMulti(TestNGDirectoryTestSuite.java:169)
at org.apache.maven.surefire.testng.TestNGDirectoryTestSuite.execute(TestNGDirectoryTestSuite.java:88)
at org.apache.maven.surefire.testng.TestNGProvider.invoke(TestNGProvider.java:137)
at org.apache.maven.surefire.booter.ForkedBooter.runSuitesInProcess(ForkedBooter.java:385)
at org.apache.maven.surefire.booter.ForkedBooter.execute(ForkedBooter.java:162)
at org.apache.maven.surefire.booter.ForkedBooter.run(ForkedBooter.java:507)
at org.apache.maven.surefire.booter.ForkedBooter.main(ForkedBooter.java:495)
]]>
            </full-stacktrace>
          </exception> <!-- java.lang.AssertionError -->
          <reporter-output>
          </reporter-output>
        </test-method> <!-- loginByApiAndVerifyDashboard -->
        <test-method is-config="true" signature="tearDown()[pri:0, instance:tests.LoginTest@78b1cc93]" started-at="2026-04-18T07:05:16 GMT+07:00" name="tearDown" finished-at="2026-04-18T07:05:16 GMT+07:00" duration-ms="191" status="PASS">
          <reporter-output>
          </reporter-output>
        </test-method> <!-- tearDown -->
      </class> <!-- tests.LoginTest -->
      <class name="tests.register.RegisterTest">
        <test-method is-config="true" signature="setUp(java.lang.reflect.Method)[pri:0, instance:tests.register.RegisterTest@21507a04]" started-at="2026-04-18T07:06:13 GMT+07:00" name="setUp" finished-at="2026-04-18T07:06:14 GMT+07:00" duration-ms="625" status="PASS">
          <params>
            <param index="0">
              <value>
                <![CDATA[public void tests.register.RegisterTest.testRegisterWithEmptyFields(framework.enums.RegisterType)]]>
              </value>
            </param>
          </params>
          <reporter-output>
          </reporter-output>
        </test-method> <!-- setUp -->
        <test-method signature="testRegisterWithEmptyFields(framework.enums.RegisterType)[pri:0, instance:tests.register.RegisterTest@21507a04]" started-at="2026-04-18T07:06:14 GMT+07:00" name="testRegisterWithEmptyFields" data-provider="emptyFields" finished-at="2026-04-18T07:06:20 GMT+07:00" duration-ms="6086" status="PASS">
          <params>
            <param index="0">
              <value>
                <![CDATA[EMPTY_FIELD]]>
              </value>
            </param>
          </params>
          <reporter-output>
          </reporter-output>
        </test-method> <!-- testRegisterWithEmptyFields -->
        <test-method is-config="true" signature="tearDown()[pri:0, instance:tests.register.RegisterTest@21507a04]" started-at="2026-04-18T07:06:20 GMT+07:00" name="tearDown" finished-at="2026-04-18T07:06:20 GMT+07:00" duration-ms="103" status="PASS">
          <reporter-output>
          </reporter-output>
        </test-method> <!-- tearDown -->
        <test-method is-config="true" signature="setUp(java.lang.reflect.Method)[pri:0, instance:tests.register.RegisterTest@21507a04]" started-at="2026-04-18T07:06:20 GMT+07:00" name="setUp" finished-at="2026-04-18T07:06:20 GMT+07:00" duration-ms="700" status="PASS">
          <params>
            <param index="0">
              <value>
                <![CDATA[public void tests.register.RegisterTest.testRegisterWithInvalidCredentials(framework.enums.RegisterType)]]>
              </value>
            </param>
          </params>
          <reporter-output>
          </reporter-output>
        </test-method> <!-- setUp -->
        <test-method signature="testRegisterWithInvalidCredentials(framework.enums.RegisterType)[pri:0, instance:tests.register.RegisterTest@21507a04]" started-at="2026-04-18T07:06:20 GMT+07:00" name="testRegisterWithInvalidCredentials" data-provider="invalidCredentials" finished-at="2026-04-18T07:06:27 GMT+07:00" duration-ms="6927" status="PASS">
          <params>
            <param index="0">
              <value>
                <![CDATA[INVALID_CREDENTIALS]]>
              </value>
            </param>
          </params>
          <reporter-output>
          </reporter-output>
        </test-method> <!-- testRegisterWithInvalidCredentials -->
        <test-method is-config="true" signature="tearDown()[pri:0, instance:tests.register.RegisterTest@21507a04]" started-at="2026-04-18T07:06:27 GMT+07:00" name="tearDown" finished-at="2026-04-18T07:06:27 GMT+07:00" duration-ms="142" status="PASS">
          <reporter-output>
          </reporter-output>
        </test-method> <!-- tearDown -->
        <test-method is-config="true" signature="setUp(java.lang.reflect.Method)[pri:0, instance:tests.register.RegisterTest@21507a04]" started-at="2026-04-18T07:06:27 GMT+07:00" name="setUp" finished-at="2026-04-18T07:06:28 GMT+07:00" duration-ms="669" status="PASS">
          <params>
            <param index="0">
              <value>
                <![CDATA[public void tests.register.RegisterTest.testRegisterWithInvalidCredentials(framework.enums.RegisterType)]]>
              </value>
            </param>
          </params>
          <reporter-output>
          </reporter-output>
        </test-method> <!-- setUp -->
        <test-method signature="testRegisterWithInvalidCredentials(framework.enums.RegisterType)[pri:0, instance:tests.register.RegisterTest@21507a04]" started-at="2026-04-18T07:06:28 GMT+07:00" name="testRegisterWithInvalidCredentials" data-provider="invalidCredentials" finished-at="2026-04-18T07:06:35 GMT+07:00" duration-ms="6473" status="PASS">
          <params>
            <param index="0">
              <value>
                <![CDATA[INVALID_EMAIL_FORMAT]]>
              </value>
            </param>
          </params>
          <reporter-output>
          </reporter-output>
        </test-method> <!-- testRegisterWithInvalidCredentials -->
        <test-method is-config="true" signature="tearDown()[pri:0, instance:tests.register.RegisterTest@21507a04]" started-at="2026-04-18T07:06:35 GMT+07:00" name="tearDown" finished-at="2026-04-18T07:06:35 GMT+07:00" duration-ms="114" status="PASS">
          <reporter-output>
          </reporter-output>
        </test-method> <!-- tearDown -->
        <test-method is-config="true" signature="setUp(java.lang.reflect.Method)[pri:0, instance:tests.register.RegisterTest@21507a04]" started-at="2026-04-18T07:06:35 GMT+07:00" name="setUp" finished-at="2026-04-18T07:06:35 GMT+07:00" duration-ms="645" status="PASS">
          <params>
            <param index="0">
              <value>
                <![CDATA[public void tests.register.RegisterTest.testRegisterWithInvalidCredentials(framework.enums.RegisterType)]]>
              </value>
            </param>
          </params>
          <reporter-output>
          </reporter-output>
        </test-method> <!-- setUp -->
        <test-method signature="testRegisterWithInvalidCredentials(framework.enums.RegisterType)[pri:0, instance:tests.register.RegisterTest@21507a04]" started-at="2026-04-18T07:06:35 GMT+07:00" name="testRegisterWithInvalidCredentials" data-provider="invalidCredentials" finished-at="2026-04-18T07:06:44 GMT+07:00" duration-ms="9002" status="PASS">
          <params>
            <param index="0">
              <value>
                <![CDATA[INVALID_PHONE]]>
              </value>
            </param>
          </params>
          <reporter-output>
          </reporter-output>
        </test-method> <!-- testRegisterWithInvalidCredentials -->
        <test-method is-config="true" signature="tearDown()[pri:0, instance:tests.register.RegisterTest@21507a04]" started-at="2026-04-18T07:06:44 GMT+07:00" name="tearDown" finished-at="2026-04-18T07:06:45 GMT+07:00" duration-ms="158" status="PASS">
          <reporter-output>
          </reporter-output>
        </test-method> <!-- tearDown -->
        <test-method is-config="true" signature="setUp(java.lang.reflect.Method)[pri:0, instance:tests.register.RegisterTest@21507a04]" started-at="2026-04-18T07:06:45 GMT+07:00" name="setUp" finished-at="2026-04-18T07:06:45 GMT+07:00" duration-ms="681" status="PASS">
          <params>
            <param index="0">
              <value>
                <![CDATA[public void tests.register.RegisterTest.testRigisterWithValidCredentials(framework.enums.RegisterType)]]>
              </value>
            </param>
          </params>
          <reporter-output>
          </reporter-output>
        </test-method> <!-- setUp -->
        <test-method signature="testRigisterWithValidCredentials(framework.enums.RegisterType)[pri:0, instance:tests.register.RegisterTest@21507a04]" started-at="2026-04-18T07:06:45 GMT+07:00" name="testRigisterWithValidCredentials" data-provider="validCredentials" finished-at="2026-04-18T07:06:57 GMT+07:00" duration-ms="11580" status="FAIL">
          <params>
            <param index="0">
              <value>
                <![CDATA[VALID_CREDENTIALS]]>
              </value>
            </param>
          </params>
          <exception class="java.lang.AssertionError">
            <message>
              <![CDATA[Message mismatch expected [Đăng ký thành công] but found []]]>
            </message>
            <full-stacktrace>
              <![CDATA[java.lang.AssertionError: Message mismatch expected [Đăng ký thành công] but found []
at org.testng.Assert.fail(Assert.java:111)
at org.testng.Assert.failNotEquals(Assert.java:1578)
at org.testng.Assert.assertEqualsImpl(Assert.java:150)
at org.testng.Assert.assertEquals(Assert.java:132)
at org.testng.Assert.assertEquals(Assert.java:656)
at framework.asserts.RegisterAssertion.assertRegister(RegisterAssertion.java:11)
at tests.register.RegisterTest.testRigisterWithValidCredentials(RegisterTest.java:26)
at java.base/jdk.internal.reflect.DirectMethodHandleAccessor.invoke(DirectMethodHandleAccessor.java:104)
at java.base/java.lang.reflect.Method.invoke(Method.java:565)
at org.testng.internal.invokers.MethodInvocationHelper.invokeMethod(MethodInvocationHelper.java:139)
at org.testng.internal.invokers.TestInvoker.invokeMethod(TestInvoker.java:664)
at org.testng.internal.invokers.TestInvoker.invokeTestMethod(TestInvoker.java:228)
at org.testng.internal.invokers.MethodRunner.runInSequence(MethodRunner.java:63)
at org.testng.internal.invokers.TestInvoker$MethodInvocationAgent.invoke(TestInvoker.java:961)
at org.testng.internal.invokers.TestInvoker.invokeTestMethods(TestInvoker.java:201)
at org.testng.internal.invokers.TestMethodWorker.invokeTestMethods(TestMethodWorker.java:148)
at org.testng.internal.invokers.TestMethodWorker.run(TestMethodWorker.java:128)
at java.base/java.util.ArrayList.forEach(ArrayList.java:1604)
at org.testng.TestRunner.privateRun(TestRunner.java:819)
at org.testng.TestRunner.run(TestRunner.java:619)
at org.testng.SuiteRunner.runTest(SuiteRunner.java:443)
at org.testng.SuiteRunner.runSequentially(SuiteRunner.java:437)
at org.testng.SuiteRunner.privateRun(SuiteRunner.java:397)
at org.testng.SuiteRunner.run(SuiteRunner.java:336)
at org.testng.SuiteRunnerWorker.runSuite(SuiteRunnerWorker.java:52)
at org.testng.SuiteRunnerWorker.run(SuiteRunnerWorker.java:95)
at org.testng.TestNG.runSuitesSequentially(TestNG.java:1301)
at org.testng.TestNG.runSuitesLocally(TestNG.java:1228)
at org.testng.TestNG.runSuites(TestNG.java:1134)
at org.testng.TestNG.run(TestNG.java:1101)
at org.apache.maven.surefire.testng.TestNGExecutor.run(TestNGExecutor.java:155)
at org.apache.maven.surefire.testng.TestNGDirectoryTestSuite.executeMulti(TestNGDirectoryTestSuite.java:169)
at org.apache.maven.surefire.testng.TestNGDirectoryTestSuite.execute(TestNGDirectoryTestSuite.java:88)
at org.apache.maven.surefire.testng.TestNGProvider.invoke(TestNGProvider.java:137)
at org.apache.maven.surefire.booter.ForkedBooter.runSuitesInProcess(ForkedBooter.java:385)
at org.apache.maven.surefire.booter.ForkedBooter.execute(ForkedBooter.java:162)
at org.apache.maven.surefire.booter.ForkedBooter.run(ForkedBooter.java:507)
at org.apache.maven.surefire.booter.ForkedBooter.main(ForkedBooter.java:495)
]]>
            </full-stacktrace>
          </exception> <!-- java.lang.AssertionError -->
          <reporter-output>
          </reporter-output>
        </test-method> <!-- testRigisterWithValidCredentials -->
        <test-method is-config="true" signature="tearDown()[pri:0, instance:tests.register.RegisterTest@21507a04]" started-at="2026-04-18T07:06:57 GMT+07:00" name="tearDown" finished-at="2026-04-18T07:06:57 GMT+07:00" duration-ms="152" status="PASS">
          <reporter-output>
          </reporter-output>
        </test-method> <!-- tearDown -->
      </class> <!-- tests.register.RegisterTest -->
      <class name="tests.profile.ProfileTest">
        <test-method is-config="true" signature="setUp(java.lang.reflect.Method)[pri:0, instance:tests.profile.ProfileTest@6646153]" started-at="2026-04-18T07:05:16 GMT+07:00" name="setUp" finished-at="2026-04-18T07:05:17 GMT+07:00" duration-ms="659" status="PASS">
          <params>
            <param index="0">
              <value>
                <![CDATA[public void tests.profile.ProfileTest.TC20_ViewBookingHistory()]]>
              </value>
            </param>
          </params>
          <reporter-output>
          </reporter-output>
        </test-method> <!-- setUp -->
        <test-method signature="TC20_ViewBookingHistory()[pri:0, instance:tests.profile.ProfileTest@6646153]" started-at="2026-04-18T07:05:17 GMT+07:00" name="TC20_ViewBookingHistory" description="TC20 - View booking history after successful booking" finished-at="2026-04-18T07:05:35 GMT+07:00" duration-ms="17558" status="PASS">
          <reporter-output>
          </reporter-output>
        </test-method> <!-- TC20_ViewBookingHistory -->
        <test-method is-config="true" signature="tearDown()[pri:0, instance:tests.profile.ProfileTest@6646153]" started-at="2026-04-18T07:05:35 GMT+07:00" name="tearDown" finished-at="2026-04-18T07:05:35 GMT+07:00" duration-ms="173" status="PASS">
          <reporter-output>
          </reporter-output>
        </test-method> <!-- tearDown -->
        <test-method is-config="true" signature="setUp(java.lang.reflect.Method)[pri:0, instance:tests.profile.ProfileTest@6646153]" started-at="2026-04-18T07:05:35 GMT+07:00" name="setUp" finished-at="2026-04-18T07:05:35 GMT+07:00" duration-ms="650" status="PASS">
          <params>
            <param index="0">
              <value>
                <![CDATA[public void tests.profile.ProfileTest.TC21_ViewProfileInformation()]]>
              </value>
            </param>
          </params>
          <reporter-output>
          </reporter-output>
        </test-method> <!-- setUp -->
        <test-method signature="TC21_ViewProfileInformation()[pri:0, instance:tests.profile.ProfileTest@6646153]" started-at="2026-04-18T07:05:35 GMT+07:00" name="TC21_ViewProfileInformation" description="TC21 - View profile information fields" finished-at="2026-04-18T07:05:55 GMT+07:00" duration-ms="19199" status="FAIL">
          <exception class="org.openqa.selenium.TimeoutException">
            <message>
              <![CDATA[Expected condition failed: waiting for element to no longer be visible: By.className: ant-image-mask (tried for 10 second(s) with 500 milliseconds interval)
Build info: version: '4.38.0', revision: '6b412e825c*'
System info: os.name: 'Windows 11', os.arch: 'amd64', os.version: '10.0', java.version: '25.0.1'
Driver info: org.openqa.selenium.chrome.ChromeDriver
Capabilities {acceptInsecureCerts: false, browserName: chrome, browserVersion: 141.0.7390.55, chrome: {chromedriverVersion: 141.0.7390.122 (b477534e7e1..., userDataDir: C:\Users\admin\AppData\Loca...}, fedcm:accounts: true, goog:chromeOptions: {debuggerAddress: localhost:57849}, networkConnectionEnabled: false, pageLoadStrategy: normal, platformName: windows, proxy: Proxy(), se:cdp: ws://localhost:57849/devtoo..., se:cdpVersion: 141.0.7390.55, setWindowRect: true, strictFileInteractability: false, timeouts: {implicit: 0, pageLoad: 300000, script: 30000}, unhandledPromptBehavior: dismiss and notify, webauthn:extension:credBlob: true, webauthn:extension:largeBlob: true, webauthn:extension:minPinLength: true, webauthn:extension:prf: true, webauthn:virtualAuthenticators: true}
Session ID: 5242599f79a66bd14c9ca944e9c1fb68]]>
            </message>
            <full-stacktrace>
              <![CDATA[org.openqa.selenium.TimeoutException: Expected condition failed: waiting for element to no longer be visible: By.className: ant-image-mask (tried for 10 second(s) with 500 milliseconds interval)
Build info: version: '4.38.0', revision: '6b412e825c*'
System info: os.name: 'Windows 11', os.arch: 'amd64', os.version: '10.0', java.version: '25.0.1'
Driver info: org.openqa.selenium.chrome.ChromeDriver
Capabilities {acceptInsecureCerts: false, browserName: chrome, browserVersion: 141.0.7390.55, chrome: {chromedriverVersion: 141.0.7390.122 (b477534e7e1..., userDataDir: C:\Users\admin\AppData\Loca...}, fedcm:accounts: true, goog:chromeOptions: {debuggerAddress: localhost:57849}, networkConnectionEnabled: false, pageLoadStrategy: normal, platformName: windows, proxy: Proxy(), se:cdp: ws://localhost:57849/devtoo..., se:cdpVersion: 141.0.7390.55, setWindowRect: true, strictFileInteractability: false, timeouts: {implicit: 0, pageLoad: 300000, script: 30000}, unhandledPromptBehavior: dismiss and notify, webauthn:extension:credBlob: true, webauthn:extension:largeBlob: true, webauthn:extension:minPinLength: true, webauthn:extension:prf: true, webauthn:virtualAuthenticators: true}
Session ID: 5242599f79a66bd14c9ca944e9c1fb68
at org.openqa.selenium.support.ui.WebDriverWait.timeoutException(WebDriverWait.java:84)
at org.openqa.selenium.support.ui.FluentWait.until(FluentWait.java:228)
at framework.wait.WaitUtil.waitForLoadingDisappear(WaitUtil.java:60)
at pages.details.RoomDetailPage.selectCheckInDate(RoomDetailPage.java:27)
at framework.actions.RoomDetailAction.bookRoomAndGoToProfile(RoomDetailAction.java:44)
at tests.profile.ProfileTest.TC21_ViewProfileInformation(ProfileTest.java:71)
at java.base/jdk.internal.reflect.DirectMethodHandleAccessor.invoke(DirectMethodHandleAccessor.java:104)
at java.base/java.lang.reflect.Method.invoke(Method.java:565)
at org.testng.internal.invokers.MethodInvocationHelper.invokeMethod(MethodInvocationHelper.java:139)
at org.testng.internal.invokers.TestInvoker.invokeMethod(TestInvoker.java:664)
at org.testng.internal.invokers.TestInvoker.invokeTestMethod(TestInvoker.java:228)
at org.testng.internal.invokers.MethodRunner.runInSequence(MethodRunner.java:63)
at org.testng.internal.invokers.TestInvoker$MethodInvocationAgent.invoke(TestInvoker.java:961)
at org.testng.internal.invokers.TestInvoker.invokeTestMethods(TestInvoker.java:201)
at org.testng.internal.invokers.TestMethodWorker.invokeTestMethods(TestMethodWorker.java:148)
at org.testng.internal.invokers.TestMethodWorker.run(TestMethodWorker.java:128)
at java.base/java.util.ArrayList.forEach(ArrayList.java:1604)
at org.testng.TestRunner.privateRun(TestRunner.java:819)
at org.testng.TestRunner.run(TestRunner.java:619)
at org.testng.SuiteRunner.runTest(SuiteRunner.java:443)
at org.testng.SuiteRunner.runSequentially(SuiteRunner.java:437)
at org.testng.SuiteRunner.privateRun(SuiteRunner.java:397)
at org.testng.SuiteRunner.run(SuiteRunner.java:336)
at org.testng.SuiteRunnerWorker.runSuite(SuiteRunnerWorker.java:52)
at org.testng.SuiteRunnerWorker.run(SuiteRunnerWorker.java:95)
at org.testng.TestNG.runSuitesSequentially(TestNG.java:1301)
at org.testng.TestNG.runSuitesLocally(TestNG.java:1228)
at org.testng.TestNG.runSuites(TestNG.java:1134)
at org.testng.TestNG.run(TestNG.java:1101)
at org.apache.maven.surefire.testng.TestNGExecutor.run(TestNGExecutor.java:155)
at org.apache.maven.surefire.testng.TestNGDirectoryTestSuite.executeMulti(TestNGDirectoryTestSuite.java:169)
at org.apache.maven.surefire.testng.TestNGDirectoryTestSuite.execute(TestNGDirectoryTestSuite.java:88)
at org.apache.maven.surefire.testng.TestNGProvider.invoke(TestNGProvider.java:137)
at org.apache.maven.surefire.booter.ForkedBooter.runSuitesInProcess(ForkedBooter.java:385)
at org.apache.maven.surefire.booter.ForkedBooter.execute(ForkedBooter.java:162)
at org.apache.maven.surefire.booter.ForkedBooter.run(ForkedBooter.java:507)
at org.apache.maven.surefire.booter.ForkedBooter.main(ForkedBooter.java:495)
]]>
            </full-stacktrace>
          </exception> <!-- org.openqa.selenium.TimeoutException -->
          <reporter-output>
          </reporter-output>
        </test-method> <!-- TC21_ViewProfileInformation -->
        <test-method is-config="true" signature="tearDown()[pri:0, instance:tests.profile.ProfileTest@6646153]" started-at="2026-04-18T07:05:55 GMT+07:00" name="tearDown" finished-at="2026-04-18T07:05:55 GMT+07:00" duration-ms="166" status="PASS">
          <reporter-output>
          </reporter-output>
        </test-method> <!-- tearDown -->
        <test-method is-config="true" signature="setUp(java.lang.reflect.Method)[pri:0, instance:tests.profile.ProfileTest@6646153]" started-at="2026-04-18T07:05:55 GMT+07:00" name="setUp" finished-at="2026-04-18T07:05:55 GMT+07:00" duration-ms="599" status="PASS">
          <params>
            <param index="0">
              <value>
                <![CDATA[public void tests.profile.ProfileTest.TC22_UpdatePhoneNumber()]]>
              </value>
            </param>
          </params>
          <reporter-output>
          </reporter-output>
        </test-method> <!-- setUp -->
        <test-method signature="TC22_UpdatePhoneNumber()[pri:0, instance:tests.profile.ProfileTest@6646153]" started-at="2026-04-18T07:05:55 GMT+07:00" name="TC22_UpdatePhoneNumber" description="TC22 - Update phone number in profile" finished-at="2026-04-18T07:06:06 GMT+07:00" duration-ms="10781" status="PASS">
          <reporter-output>
          </reporter-output>
        </test-method> <!-- TC22_UpdatePhoneNumber -->
        <test-method is-config="true" signature="tearDown()[pri:0, instance:tests.profile.ProfileTest@6646153]" started-at="2026-04-18T07:06:06 GMT+07:00" name="tearDown" finished-at="2026-04-18T07:06:06 GMT+07:00" duration-ms="170" status="PASS">
          <reporter-output>
          </reporter-output>
        </test-method> <!-- tearDown -->
        <test-method is-config="true" signature="setUp(java.lang.reflect.Method)[pri:0, instance:tests.profile.ProfileTest@6646153]" started-at="2026-04-18T07:06:06 GMT+07:00" name="setUp" finished-at="2026-04-18T07:06:07 GMT+07:00" duration-ms="624" status="PASS">
          <params>
            <param index="0">
              <value>
                <![CDATA[public void tests.profile.ProfileTest.TC23_UploadAvatar() throws java.lang.Exception]]>
              </value>
            </param>
          </params>
          <reporter-output>
          </reporter-output>
        </test-method> <!-- setUp -->
        <test-method signature="TC23_UploadAvatar()[pri:0, instance:tests.profile.ProfileTest@6646153]" started-at="2026-04-18T07:06:07 GMT+07:00" name="TC23_UploadAvatar" description="TC23 - Upload avatar in profile" finished-at="2026-04-18T07:06:13 GMT+07:00" duration-ms="5751" status="FAIL">
          <exception class="org.openqa.selenium.InvalidArgumentException">
            <message>
              <![CDATA[invalid argument: File not found : C:\Users\admin/Desktop/testing-09.png
  (Session info: chrome=141.0.7390.55)
Build info: version: '4.38.0', revision: '6b412e825c*'
System info: os.name: 'Windows 11', os.arch: 'amd64', os.version: '10.0', java.version: '25.0.1'
Driver info: org.openqa.selenium.chrome.ChromeDriver
Command: [72f0c855d5110dea5578f229d94c6fb7, sendKeysToElement {id=f.B6B2D121B583A28FB61D61CF13C567C0.d.0DCAAB39070F8F3C0F42F56AA39808EE.e.50, value=[Ljava.lang.CharSequence;@2396dc4e}]
Capabilities {acceptInsecureCerts: false, browserName: chrome, browserVersion: 141.0.7390.55, chrome: {chromedriverVersion: 141.0.7390.122 (b477534e7e1..., userDataDir: C:\Users\admin\AppData\Loca...}, fedcm:accounts: true, goog:chromeOptions: {debuggerAddress: localhost:51797}, networkConnectionEnabled: false, pageLoadStrategy: normal, platformName: windows, proxy: Proxy(), se:cdp: ws://localhost:51797/devtoo..., se:cdpVersion: 141.0.7390.55, setWindowRect: true, strictFileInteractability: false, timeouts: {implicit: 0, pageLoad: 300000, script: 30000}, unhandledPromptBehavior: dismiss and notify, webauthn:extension:credBlob: true, webauthn:extension:largeBlob: true, webauthn:extension:minPinLength: true, webauthn:extension:prf: true, webauthn:virtualAuthenticators: true}
Element: [[ChromeDriver: chrome on windows (72f0c855d5110dea5578f229d94c6fb7)] -> xpath: //div[@role='dialog']//input[@type='file']]
Session ID: 72f0c855d5110dea5578f229d94c6fb7]]>
            </message>
            <full-stacktrace>
              <![CDATA[org.openqa.selenium.InvalidArgumentException: invalid argument: File not found : C:\Users\admin/Desktop/testing-09.png
  (Session info: chrome=141.0.7390.55)
Build info: version: '4.38.0', revision: '6b412e825c*'
System info: os.name: 'Windows 11', os.arch: 'amd64', os.version: '10.0', java.version: '25.0.1'
Driver info: org.openqa.selenium.chrome.ChromeDriver
Command: [72f0c855d5110dea5578f229d94c6fb7, sendKeysToElement {id=f.B6B2D121B583A28FB61D61CF13C567C0.d.0DCAAB39070F8F3C0F42F56AA39808EE.e.50, value=[Ljava.lang.CharSequence;@2396dc4e}]
Capabilities {acceptInsecureCerts: false, browserName: chrome, browserVersion: 141.0.7390.55, chrome: {chromedriverVersion: 141.0.7390.122 (b477534e7e1..., userDataDir: C:\Users\admin\AppData\Loca...}, fedcm:accounts: true, goog:chromeOptions: {debuggerAddress: localhost:51797}, networkConnectionEnabled: false, pageLoadStrategy: normal, platformName: windows, proxy: Proxy(), se:cdp: ws://localhost:51797/devtoo..., se:cdpVersion: 141.0.7390.55, setWindowRect: true, strictFileInteractability: false, timeouts: {implicit: 0, pageLoad: 300000, script: 30000}, unhandledPromptBehavior: dismiss and notify, webauthn:extension:credBlob: true, webauthn:extension:largeBlob: true, webauthn:extension:minPinLength: true, webauthn:extension:prf: true, webauthn:virtualAuthenticators: true}
Element: [[ChromeDriver: chrome on windows (72f0c855d5110dea5578f229d94c6fb7)] -> xpath: //div[@role='dialog']//input[@type='file']]
Session ID: 72f0c855d5110dea5578f229d94c6fb7
at java.base/jdk.internal.reflect.DirectConstructorHandleAccessor.newInstance(DirectConstructorHandleAccessor.java:62)
at java.base/java.lang.reflect.Constructor.newInstanceWithCaller(Constructor.java:499)
at java.base/java.lang.reflect.Constructor.newInstance(Constructor.java:483)
at org.openqa.selenium.remote.ErrorCodec.decode(ErrorCodec.java:167)
at org.openqa.selenium.remote.codec.w3c.W3CHttpResponseCodec.decode(W3CHttpResponseCodec.java:138)
at org.openqa.selenium.remote.codec.w3c.W3CHttpResponseCodec.decode(W3CHttpResponseCodec.java:50)
at org.openqa.selenium.remote.HttpCommandExecutor.execute(HttpCommandExecutor.java:215)
at org.openqa.selenium.remote.service.DriverCommandExecutor.invokeExecute(DriverCommandExecutor.java:216)
at org.openqa.selenium.remote.service.DriverCommandExecutor.execute(DriverCommandExecutor.java:174)
at org.openqa.selenium.remote.RemoteWebDriver.execute(RemoteWebDriver.java:557)
at org.openqa.selenium.remote.RemoteWebElement.execute(RemoteWebElement.java:223)
at org.openqa.selenium.remote.RemoteWebElement.sendKeys(RemoteWebElement.java:110)
at pages.profile.ProfilePage.uploadAvatar(ProfilePage.java:57)
at tests.profile.ProfileTest.TC23_UploadAvatar(ProfileTest.java:131)
at java.base/jdk.internal.reflect.DirectMethodHandleAccessor.invoke(DirectMethodHandleAccessor.java:104)
at java.base/java.lang.reflect.Method.invoke(Method.java:565)
at org.testng.internal.invokers.MethodInvocationHelper.invokeMethod(MethodInvocationHelper.java:139)
at org.testng.internal.invokers.TestInvoker.invokeMethod(TestInvoker.java:664)
at org.testng.internal.invokers.TestInvoker.invokeTestMethod(TestInvoker.java:228)
at org.testng.internal.invokers.MethodRunner.runInSequence(MethodRunner.java:63)
at org.testng.internal.invokers.TestInvoker$MethodInvocationAgent.invoke(TestInvoker.java:961)
at org.testng.internal.invokers.TestInvoker.invokeTestMethods(TestInvoker.java:201)
at org.testng.internal.invokers.TestMethodWorker.invokeTestMethods(TestMethodWorker.java:148)
at org.testng.internal.invokers.TestMethodWorker.run(TestMethodWorker.java:128)
at java.base/java.util.ArrayList.forEach(ArrayList.java:1604)
at org.testng.TestRunner.privateRun(TestRunner.java:819)
at org.testng.TestRunner.run(TestRunner.java:619)
at org.testng.SuiteRunner.runTest(SuiteRunner.java:443)
at org.testng.SuiteRunner.runSequentially(SuiteRunner.java:437)
at org.testng.SuiteRunner.privateRun(SuiteRunner.java:397)
at org.testng.SuiteRunner.run(SuiteRunner.java:336)
at org.testng.SuiteRunnerWorker.runSuite(SuiteRunnerWorker.java:52)
at org.testng.SuiteRunnerWorker.run(SuiteRunnerWorker.java:95)
at org.testng.TestNG.runSuitesSequentially(TestNG.java:1301)
at org.testng.TestNG.runSuitesLocally(TestNG.java:1228)
at org.testng.TestNG.runSuites(TestNG.java:1134)
at org.testng.TestNG.run(TestNG.java:1101)
at org.apache.maven.surefire.testng.TestNGExecutor.run(TestNGExecutor.java:155)
at org.apache.maven.surefire.testng.TestNGDirectoryTestSuite.executeMulti(TestNGDirectoryTestSuite.java:169)
at org.apache.maven.surefire.testng.TestNGDirectoryTestSuite.execute(TestNGDirectoryTestSuite.java:88)
at org.apache.maven.surefire.testng.TestNGProvider.invoke(TestNGProvider.java:137)
at org.apache.maven.surefire.booter.ForkedBooter.runSuitesInProcess(ForkedBooter.java:385)
at org.apache.maven.surefire.booter.ForkedBooter.execute(ForkedBooter.java:162)
at org.apache.maven.surefire.booter.ForkedBooter.run(ForkedBooter.java:507)
at org.apache.maven.surefire.booter.ForkedBooter.main(ForkedBooter.java:495)
]]>
            </full-stacktrace>
          </exception> <!-- org.openqa.selenium.InvalidArgumentException -->
          <reporter-output>
          </reporter-output>
        </test-method> <!-- TC23_UploadAvatar -->
        <test-method is-config="true" signature="tearDown()[pri:0, instance:tests.profile.ProfileTest@6646153]" started-at="2026-04-18T07:06:13 GMT+07:00" name="tearDown" finished-at="2026-04-18T07:06:13 GMT+07:00" duration-ms="105" status="PASS">
          <reporter-output>
          </reporter-output>
        </test-method> <!-- tearDown -->
      </class> <!-- tests.profile.ProfileTest -->
      <class name="tests.login.LoginTest">
        <test-method is-config="true" signature="setUp(java.lang.reflect.Method)[pri:0, instance:tests.login.LoginTest@6f3b5d16]" started-at="2026-04-18T07:04:28 GMT+07:00" name="setUp" finished-at="2026-04-18T07:04:29 GMT+07:00" duration-ms="586" status="PASS">
          <params>
            <param index="0">
              <value>
                <![CDATA[public void tests.login.LoginTest.testLoginWithEmptyField(framework.enums.LoginType)]]>
              </value>
            </param>
          </params>
          <reporter-output>
          </reporter-output>
        </test-method> <!-- setUp -->
        <test-method signature="testLoginWithEmptyField(framework.enums.LoginType)[pri:0, instance:tests.login.LoginTest@6f3b5d16]" started-at="2026-04-18T07:04:29 GMT+07:00" name="testLoginWithEmptyField" data-provider="emptyFields" finished-at="2026-04-18T07:04:34 GMT+07:00" duration-ms="5216" status="PASS">
          <params>
            <param index="0">
              <value>
                <![CDATA[EMPTY_FIELD]]>
              </value>
            </param>
          </params>
          <reporter-output>
          </reporter-output>
        </test-method> <!-- testLoginWithEmptyField -->
        <test-method is-config="true" signature="tearDown()[pri:0, instance:tests.login.LoginTest@6f3b5d16]" started-at="2026-04-18T07:04:34 GMT+07:00" name="tearDown" finished-at="2026-04-18T07:04:34 GMT+07:00" duration-ms="182" status="PASS">
          <reporter-output>
          </reporter-output>
        </test-method> <!-- tearDown -->
        <test-method is-config="true" signature="setUp(java.lang.reflect.Method)[pri:0, instance:tests.login.LoginTest@6f3b5d16]" started-at="2026-04-18T07:04:34 GMT+07:00" name="setUp" finished-at="2026-04-18T07:04:35 GMT+07:00" duration-ms="674" status="PASS">
          <params>
            <param index="0">
              <value>
                <![CDATA[public void tests.login.LoginTest.testLoginWithEmptyField(framework.enums.LoginType)]]>
              </value>
            </param>
          </params>
          <reporter-output>
          </reporter-output>
        </test-method> <!-- setUp -->
        <test-method signature="testLoginWithEmptyField(framework.enums.LoginType)[pri:0, instance:tests.login.LoginTest@6f3b5d16]" started-at="2026-04-18T07:04:35 GMT+07:00" name="testLoginWithEmptyField" data-provider="emptyFields" finished-at="2026-04-18T07:04:39 GMT+07:00" duration-ms="4133" status="PASS">
          <params>
            <param index="0">
              <value>
                <![CDATA[EMPTY_PASSWORD]]>
              </value>
            </param>
          </params>
          <reporter-output>
          </reporter-output>
        </test-method> <!-- testLoginWithEmptyField -->
        <test-method is-config="true" signature="tearDown()[pri:0, instance:tests.login.LoginTest@6f3b5d16]" started-at="2026-04-18T07:04:39 GMT+07:00" name="tearDown" finished-at="2026-04-18T07:04:39 GMT+07:00" duration-ms="196" status="PASS">
          <reporter-output>
          </reporter-output>
        </test-method> <!-- tearDown -->
        <test-method is-config="true" signature="setUp(java.lang.reflect.Method)[pri:0, instance:tests.login.LoginTest@6f3b5d16]" started-at="2026-04-18T07:04:39 GMT+07:00" name="setUp" finished-at="2026-04-18T07:04:40 GMT+07:00" duration-ms="668" status="PASS">
          <params>
            <param index="0">
              <value>
                <![CDATA[public void tests.login.LoginTest.testLoginWithInvalidCredentials(framework.enums.LoginType)]]>
              </value>
            </param>
          </params>
          <reporter-output>
          </reporter-output>
        </test-method> <!-- setUp -->
        <test-method signature="testLoginWithInvalidCredentials(framework.enums.LoginType)[pri:0, instance:tests.login.LoginTest@6f3b5d16]" started-at="2026-04-18T07:04:40 GMT+07:00" name="testLoginWithInvalidCredentials" data-provider="invalidCredentials" finished-at="2026-04-18T07:04:44 GMT+07:00" duration-ms="4000" status="PASS">
          <params>
            <param index="0">
              <value>
                <![CDATA[INVALID_CREDENTIALS]]>
              </value>
            </param>
          </params>
          <reporter-output>
          </reporter-output>
        </test-method> <!-- testLoginWithInvalidCredentials -->
        <test-method is-config="true" signature="tearDown()[pri:0, instance:tests.login.LoginTest@6f3b5d16]" started-at="2026-04-18T07:04:44 GMT+07:00" name="tearDown" finished-at="2026-04-18T07:04:44 GMT+07:00" duration-ms="240" status="PASS">
          <reporter-output>
          </reporter-output>
        </test-method> <!-- tearDown -->
        <test-method is-config="true" signature="setUp(java.lang.reflect.Method)[pri:0, instance:tests.login.LoginTest@6f3b5d16]" started-at="2026-04-18T07:04:44 GMT+07:00" name="setUp" finished-at="2026-04-18T07:04:45 GMT+07:00" duration-ms="645" status="PASS">
          <params>
            <param index="0">
              <value>
                <![CDATA[public void tests.login.LoginTest.testLoginWithInvalidCredentials(framework.enums.LoginType)]]>
              </value>
            </param>
          </params>
          <reporter-output>
          </reporter-output>
        </test-method> <!-- setUp -->
        <test-method signature="testLoginWithInvalidCredentials(framework.enums.LoginType)[pri:0, instance:tests.login.LoginTest@6f3b5d16]" started-at="2026-04-18T07:04:45 GMT+07:00" name="testLoginWithInvalidCredentials" data-provider="invalidCredentials" finished-at="2026-04-18T07:04:49 GMT+07:00" duration-ms="3946" status="PASS">
          <params>
            <param index="0">
              <value>
                <![CDATA[INVALID_EMAIL_FORMAT]]>
              </value>
            </param>
          </params>
          <reporter-output>
          </reporter-output>
        </test-method> <!-- testLoginWithInvalidCredentials -->
        <test-method is-config="true" signature="tearDown()[pri:0, instance:tests.login.LoginTest@6f3b5d16]" started-at="2026-04-18T07:04:49 GMT+07:00" name="tearDown" finished-at="2026-04-18T07:04:49 GMT+07:00" duration-ms="153" status="PASS">
          <reporter-output>
          </reporter-output>
        </test-method> <!-- tearDown -->
        <test-method is-config="true" signature="setUp(java.lang.reflect.Method)[pri:0, instance:tests.login.LoginTest@6f3b5d16]" started-at="2026-04-18T07:04:49 GMT+07:00" name="setUp" finished-at="2026-04-18T07:04:50 GMT+07:00" duration-ms="620" status="PASS">
          <params>
            <param index="0">
              <value>
                <![CDATA[public void tests.login.LoginTest.testLoginWithValidCredentials(framework.enums.LoginType)]]>
              </value>
            </param>
          </params>
          <reporter-output>
          </reporter-output>
        </test-method> <!-- setUp -->
        <test-method signature="testLoginWithValidCredentials(framework.enums.LoginType)[pri:0, instance:tests.login.LoginTest@6f3b5d16]" started-at="2026-04-18T07:04:50 GMT+07:00" name="testLoginWithValidCredentials" description="TC01: Đăng ký thành công với thông tin hợp lệ" data-provider="validCredentials" finished-at="2026-04-18T07:04:54 GMT+07:00" duration-ms="4767" status="PASS">
          <params>
            <param index="0">
              <value>
                <![CDATA[VALID_CREDENTIALS]]>
              </value>
            </param>
          </params>
          <reporter-output>
          </reporter-output>
        </test-method> <!-- testLoginWithValidCredentials -->
        <test-method is-config="true" signature="tearDown()[pri:0, instance:tests.login.LoginTest@6f3b5d16]" started-at="2026-04-18T07:04:54 GMT+07:00" name="tearDown" finished-at="2026-04-18T07:04:55 GMT+07:00" duration-ms="226" status="PASS">
          <reporter-output>
          </reporter-output>
        </test-method> <!-- tearDown -->
        <test-method is-config="true" signature="setUp(java.lang.reflect.Method)[pri:0, instance:tests.login.LoginTest@6f3b5d16]" started-at="2026-04-18T07:04:55 GMT+07:00" name="setUp" finished-at="2026-04-18T07:04:55 GMT+07:00" duration-ms="642" status="PASS">
          <params>
            <param index="0">
              <value>
                <![CDATA[public void tests.login.LoginTest.testOpenDashboardAfterLoginSuccess()]]>
              </value>
            </param>
          </params>
          <reporter-output>
          </reporter-output>
        </test-method> <!-- setUp -->
        <test-method signature="testOpenDashboardAfterLoginSuccess()[pri:0, instance:tests.login.LoginTest@6f3b5d16]" started-at="2026-04-18T07:04:55 GMT+07:00" name="testOpenDashboardAfterLoginSuccess" description="TC22 - Open dashboard after successful login" finished-at="2026-04-18T07:05:12 GMT+07:00" duration-ms="17230" status="FAIL">
          <exception class="org.openqa.selenium.NoSuchSessionException">
            <message>
              <![CDATA[invalid session id: session deleted as the browser has closed the connection
from disconnected: not connected to DevTools
  (Session info: chrome=141.0.7390.55)
Build info: version: '4.38.0', revision: '6b412e825c*'
System info: os.name: 'Windows 11', os.arch: 'amd64', os.version: '10.0', java.version: '25.0.1'
Driver info: org.openqa.selenium.chrome.ChromeDriver
Command: [d83b1a050028490f1dfdba400c30c8e2, findElement {using=xpath, value=//input[@id='email']}]
Capabilities {acceptInsecureCerts: false, browserName: chrome, browserVersion: 141.0.7390.55, chrome: {chromedriverVersion: 141.0.7390.122 (b477534e7e1..., userDataDir: C:\Users\admin\AppData\Loca...}, fedcm:accounts: true, goog:chromeOptions: {debuggerAddress: localhost:61868}, networkConnectionEnabled: false, pageLoadStrategy: normal, platformName: windows, proxy: Proxy(), se:cdp: ws://localhost:61868/devtoo..., se:cdpVersion: 141.0.7390.55, setWindowRect: true, strictFileInteractability: false, timeouts: {implicit: 0, pageLoad: 300000, script: 30000}, unhandledPromptBehavior: dismiss and notify, webauthn:extension:credBlob: true, webauthn:extension:largeBlob: true, webauthn:extension:minPinLength: true, webauthn:extension:prf: true, webauthn:virtualAuthenticators: true}
Session ID: d83b1a050028490f1dfdba400c30c8e2]]>
            </message>
            <full-stacktrace>
              <![CDATA[org.openqa.selenium.NoSuchSessionException: invalid session id: session deleted as the browser has closed the connection
from disconnected: not connected to DevTools
  (Session info: chrome=141.0.7390.55)
Build info: version: '4.38.0', revision: '6b412e825c*'
System info: os.name: 'Windows 11', os.arch: 'amd64', os.version: '10.0', java.version: '25.0.1'
Driver info: org.openqa.selenium.chrome.ChromeDriver
Command: [d83b1a050028490f1dfdba400c30c8e2, findElement {using=xpath, value=//input[@id='email']}]
Capabilities {acceptInsecureCerts: false, browserName: chrome, browserVersion: 141.0.7390.55, chrome: {chromedriverVersion: 141.0.7390.122 (b477534e7e1..., userDataDir: C:\Users\admin\AppData\Loca...}, fedcm:accounts: true, goog:chromeOptions: {debuggerAddress: localhost:61868}, networkConnectionEnabled: false, pageLoadStrategy: normal, platformName: windows, proxy: Proxy(), se:cdp: ws://localhost:61868/devtoo..., se:cdpVersion: 141.0.7390.55, setWindowRect: true, strictFileInteractability: false, timeouts: {implicit: 0, pageLoad: 300000, script: 30000}, unhandledPromptBehavior: dismiss and notify, webauthn:extension:credBlob: true, webauthn:extension:largeBlob: true, webauthn:extension:minPinLength: true, webauthn:extension:prf: true, webauthn:virtualAuthenticators: true}
Session ID: d83b1a050028490f1dfdba400c30c8e2
at java.base/jdk.internal.reflect.DirectConstructorHandleAccessor.newInstance(DirectConstructorHandleAccessor.java:62)
at java.base/java.lang.reflect.Constructor.newInstanceWithCaller(Constructor.java:499)
at java.base/java.lang.reflect.Constructor.newInstance(Constructor.java:483)
at org.openqa.selenium.remote.ErrorCodec.decode(ErrorCodec.java:167)
at org.openqa.selenium.remote.codec.w3c.W3CHttpResponseCodec.decode(W3CHttpResponseCodec.java:138)
at org.openqa.selenium.remote.codec.w3c.W3CHttpResponseCodec.decode(W3CHttpResponseCodec.java:50)
at org.openqa.selenium.remote.HttpCommandExecutor.execute(HttpCommandExecutor.java:215)
at org.openqa.selenium.remote.service.DriverCommandExecutor.invokeExecute(DriverCommandExecutor.java:216)
at org.openqa.selenium.remote.service.DriverCommandExecutor.execute(DriverCommandExecutor.java:174)
at org.openqa.selenium.remote.RemoteWebDriver.execute(RemoteWebDriver.java:557)
at org.openqa.selenium.remote.ElementLocation$ElementFinder$2.findElement(ElementLocation.java:165)
at org.openqa.selenium.remote.ElementLocation.findElement(ElementLocation.java:59)
at org.openqa.selenium.remote.RemoteWebDriver.findElement(RemoteWebDriver.java:380)
at org.openqa.selenium.remote.RemoteWebDriver.findElement(RemoteWebDriver.java:374)
at org.openqa.selenium.support.ui.ExpectedConditions$7.apply(ExpectedConditions.java:198)
at org.openqa.selenium.support.ui.ExpectedConditions$7.apply(ExpectedConditions.java:194)
at org.openqa.selenium.support.ui.FluentWait.until(FluentWait.java:203)
at framework.wait.WaitUtil.waitFor(WaitUtil.java:28)
at pages.profile.ProfilePage.isProfileInformationDisplayed(ProfilePage.java:137)
at tests.login.LoginTest.testOpenDashboardAfterLoginSuccess(LoginTest.java:81)
at java.base/jdk.internal.reflect.DirectMethodHandleAccessor.invoke(DirectMethodHandleAccessor.java:104)
at java.base/java.lang.reflect.Method.invoke(Method.java:565)
at org.testng.internal.invokers.MethodInvocationHelper.invokeMethod(MethodInvocationHelper.java:139)
at org.testng.internal.invokers.TestInvoker.invokeMethod(TestInvoker.java:664)
at org.testng.internal.invokers.TestInvoker.invokeTestMethod(TestInvoker.java:228)
at org.testng.internal.invokers.MethodRunner.runInSequence(MethodRunner.java:63)
at org.testng.internal.invokers.TestInvoker$MethodInvocationAgent.invoke(TestInvoker.java:961)
at org.testng.internal.invokers.TestInvoker.invokeTestMethods(TestInvoker.java:201)
at org.testng.internal.invokers.TestMethodWorker.invokeTestMethods(TestMethodWorker.java:148)
at org.testng.internal.invokers.TestMethodWorker.run(TestMethodWorker.java:128)
at java.base/java.util.ArrayList.forEach(ArrayList.java:1604)
at org.testng.TestRunner.privateRun(TestRunner.java:819)
at org.testng.TestRunner.run(TestRunner.java:619)
at org.testng.SuiteRunner.runTest(SuiteRunner.java:443)
at org.testng.SuiteRunner.runSequentially(SuiteRunner.java:437)
at org.testng.SuiteRunner.privateRun(SuiteRunner.java:397)
at org.testng.SuiteRunner.run(SuiteRunner.java:336)
at org.testng.SuiteRunnerWorker.runSuite(SuiteRunnerWorker.java:52)
at org.testng.SuiteRunnerWorker.run(SuiteRunnerWorker.java:95)
at org.testng.TestNG.runSuitesSequentially(TestNG.java:1301)
at org.testng.TestNG.runSuitesLocally(TestNG.java:1228)
at org.testng.TestNG.runSuites(TestNG.java:1134)
at org.testng.TestNG.run(TestNG.java:1101)
at org.apache.maven.surefire.testng.TestNGExecutor.run(TestNGExecutor.java:155)
at org.apache.maven.surefire.testng.TestNGDirectoryTestSuite.executeMulti(TestNGDirectoryTestSuite.java:169)
at org.apache.maven.surefire.testng.TestNGDirectoryTestSuite.execute(TestNGDirectoryTestSuite.java:88)
at org.apache.maven.surefire.testng.TestNGProvider.invoke(TestNGProvider.java:137)
at org.apache.maven.surefire.booter.ForkedBooter.runSuitesInProcess(ForkedBooter.java:385)
at org.apache.maven.surefire.booter.ForkedBooter.execute(ForkedBooter.java:162)
at org.apache.maven.surefire.booter.ForkedBooter.run(ForkedBooter.java:507)
at org.apache.maven.surefire.booter.ForkedBooter.main(ForkedBooter.java:495)
]]>
            </full-stacktrace>
          </exception> <!-- org.openqa.selenium.NoSuchSessionException -->
          <reporter-output>
          </reporter-output>
        </test-method> <!-- testOpenDashboardAfterLoginSuccess -->
        <test-method is-config="true" signature="tearDown()[pri:0, instance:tests.login.LoginTest@6f3b5d16]" started-at="2026-04-18T07:05:12 GMT+07:00" name="tearDown" finished-at="2026-04-18T07:05:13 GMT+07:00" duration-ms="146" status="PASS">
          <reporter-output>
          </reporter-output>
        </test-method> <!-- tearDown -->
      </class> <!-- tests.login.LoginTest -->
      <class name="tests.details.RoomDetailTest">
        <test-method is-config="true" signature="setUp(java.lang.reflect.Method)[pri:0, instance:tests.details.RoomDetailTest@23282c25]" started-at="2026-04-18T07:03:36 GMT+07:00" name="setUp" finished-at="2026-04-18T07:03:37 GMT+07:00" duration-ms="1381" status="PASS">
          <params>
            <param index="0">
              <value>
                <![CDATA[public void tests.details.RoomDetailTest.verifyBookingSuccess()]]>
              </value>
            </param>
          </params>
          <reporter-output>
          </reporter-output>
        </test-method> <!-- setUp -->
        <test-method signature="verifyBookingSuccess()[pri:0, instance:tests.details.RoomDetailTest@23282c25]" started-at="2026-04-18T07:03:37 GMT+07:00" name="verifyBookingSuccess" description="TC16 - Booking success" finished-at="2026-04-18T07:03:51 GMT+07:00" duration-ms="13774" status="PASS">
          <reporter-output>
          </reporter-output>
        </test-method> <!-- verifyBookingSuccess -->
        <test-method is-config="true" signature="tearDown()[pri:0, instance:tests.details.RoomDetailTest@23282c25]" started-at="2026-04-18T07:03:51 GMT+07:00" name="tearDown" finished-at="2026-04-18T07:03:51 GMT+07:00" duration-ms="126" status="PASS">
          <reporter-output>
          </reporter-output>
        </test-method> <!-- tearDown -->
        <test-method is-config="true" signature="setUp(java.lang.reflect.Method)[pri:0, instance:tests.details.RoomDetailTest@23282c25]" started-at="2026-04-18T07:03:51 GMT+07:00" name="setUp" finished-at="2026-04-18T07:03:52 GMT+07:00" duration-ms="709" status="PASS">
          <params>
            <param index="0">
              <value>
                <![CDATA[public void tests.details.RoomDetailTest.verifyBookingWithoutLogin()]]>
              </value>
            </param>
          </params>
          <reporter-output>
          </reporter-output>
        </test-method> <!-- setUp -->
        <test-method signature="verifyBookingWithoutLogin()[pri:0, instance:tests.details.RoomDetailTest@23282c25]" started-at="2026-04-18T07:03:52 GMT+07:00" name="verifyBookingWithoutLogin" description="TC18 - Booking fails when not logged in" finished-at="2026-04-18T07:04:02 GMT+07:00" duration-ms="10243" status="PASS">
          <reporter-output>
          </reporter-output>
        </test-method> <!-- verifyBookingWithoutLogin -->
        <test-method is-config="true" signature="tearDown()[pri:0, instance:tests.details.RoomDetailTest@23282c25]" started-at="2026-04-18T07:04:02 GMT+07:00" name="tearDown" finished-at="2026-04-18T07:04:02 GMT+07:00" duration-ms="246" status="PASS">
          <reporter-output>
          </reporter-output>
        </test-method> <!-- tearDown -->
        <test-method is-config="true" signature="setUp(java.lang.reflect.Method)[pri:0, instance:tests.details.RoomDetailTest@23282c25]" started-at="2026-04-18T07:04:02 GMT+07:00" name="setUp" finished-at="2026-04-18T07:04:03 GMT+07:00" duration-ms="673" status="PASS">
          <params>
            <param index="0">
              <value>
                <![CDATA[public void tests.details.RoomDetailTest.verifyPriceCalculation()]]>
              </value>
            </param>
          </params>
          <reporter-output>
          </reporter-output>
        </test-method> <!-- setUp -->
        <test-method signature="verifyPriceCalculation()[pri:0, instance:tests.details.RoomDetailTest@23282c25]" started-at="2026-04-18T07:04:03 GMT+07:00" name="verifyPriceCalculation" description="TC17 - Validate total price calculation including cleaning fee" finished-at="2026-04-18T07:04:28 GMT+07:00" duration-ms="24960" status="PASS">
          <reporter-output>
          </reporter-output>
        </test-method> <!-- verifyPriceCalculation -->
        <test-method is-config="true" signature="tearDown()[pri:0, instance:tests.details.RoomDetailTest@23282c25]" started-at="2026-04-18T07:04:28 GMT+07:00" name="tearDown" finished-at="2026-04-18T07:04:28 GMT+07:00" duration-ms="201" status="PASS">
          <reporter-output>
          </reporter-output>
        </test-method> <!-- tearDown -->
      </class> <!-- tests.details.RoomDetailTest -->
      <class name="tests.rooms.RoomTest">
        <test-method is-config="true" signature="setUp(java.lang.reflect.Method)[pri:0, instance:tests.rooms.RoomTest@143640d5]" started-at="2026-04-18T07:06:57 GMT+07:00" name="setUp" finished-at="2026-04-18T07:06:58 GMT+07:00" duration-ms="664" status="PASS">
          <params>
            <param index="0">
              <value>
                <![CDATA[public void tests.rooms.RoomTest.verifyFilterByPriceRange()]]>
              </value>
            </param>
          </params>
          <reporter-output>
          </reporter-output>
        </test-method> <!-- setUp -->
        <test-method signature="verifyFilterByPriceRange()[pri:0, instance:tests.rooms.RoomTest@143640d5]" started-at="2026-04-18T07:06:58 GMT+07:00" name="verifyFilterByPriceRange" description="Verify that the system correctly filters products by price range only." finished-at="2026-04-18T07:07:34 GMT+07:00" duration-ms="36873" status="PASS">
          <reporter-output>
          </reporter-output>
        </test-method> <!-- verifyFilterByPriceRange -->
        <test-method is-config="true" signature="tearDown()[pri:0, instance:tests.rooms.RoomTest@143640d5]" started-at="2026-04-18T07:07:34 GMT+07:00" name="tearDown" finished-at="2026-04-18T07:07:35 GMT+07:00" duration-ms="156" status="PASS">
          <reporter-output>
          </reporter-output>
        </test-method> <!-- tearDown -->
        <test-method is-config="true" signature="setUp(java.lang.reflect.Method)[pri:0, instance:tests.rooms.RoomTest@143640d5]" started-at="2026-04-18T07:07:35 GMT+07:00" name="setUp" finished-at="2026-04-18T07:07:35 GMT+07:00" duration-ms="608" status="PASS">
          <params>
            <param index="0">
              <value>
                <![CDATA[public void tests.rooms.RoomTest.verifySearchRoom()]]>
              </value>
            </param>
          </params>
          <reporter-output>
          </reporter-output>
        </test-method> <!-- setUp -->
        <test-method signature="verifySearchRoom()[pri:0, instance:tests.rooms.RoomTest@143640d5]" started-at="2026-04-18T07:07:35 GMT+07:00" name="verifySearchRoom" description="Verify user can search room successfully" finished-at="2026-04-18T07:07:37 GMT+07:00" duration-ms="1976" status="PASS">
          <reporter-output>
          </reporter-output>
        </test-method> <!-- verifySearchRoom -->
        <test-method is-config="true" signature="tearDown()[pri:0, instance:tests.rooms.RoomTest@143640d5]" started-at="2026-04-18T07:07:37 GMT+07:00" name="tearDown" finished-at="2026-04-18T07:07:37 GMT+07:00" duration-ms="125" status="PASS">
          <reporter-output>
          </reporter-output>
        </test-method> <!-- tearDown -->
        <test-method is-config="true" signature="setUp(java.lang.reflect.Method)[pri:0, instance:tests.rooms.RoomTest@143640d5]" started-at="2026-04-18T07:07:37 GMT+07:00" name="setUp" finished-at="2026-04-18T07:07:38 GMT+07:00" duration-ms="603" status="PASS">
          <params>
            <param index="0">
              <value>
                <![CDATA[public void tests.rooms.RoomTest.verifySearchRoomWithDate()]]>
              </value>
            </param>
          </params>
          <reporter-output>
          </reporter-output>
        </test-method> <!-- setUp -->
        <test-method signature="verifySearchRoomWithDate()[pri:0, instance:tests.rooms.RoomTest@143640d5]" started-at="2026-04-18T07:07:38 GMT+07:00" name="verifySearchRoomWithDate" description="Verify user can search room with date successfully" finished-at="2026-04-18T07:07:46 GMT+07:00" duration-ms="7605" status="PASS">
          <reporter-output>
          </reporter-output>
        </test-method> <!-- verifySearchRoomWithDate -->
        <test-method is-config="true" signature="tearDown()[pri:0, instance:tests.rooms.RoomTest@143640d5]" started-at="2026-04-18T07:07:46 GMT+07:00" name="tearDown" finished-at="2026-04-18T07:07:46 GMT+07:00" duration-ms="136" status="PASS">
          <reporter-output>
          </reporter-output>
        </test-method> <!-- tearDown -->
        <test-method is-config="true" signature="setUp(java.lang.reflect.Method)[pri:0, instance:tests.rooms.RoomTest@143640d5]" started-at="2026-04-18T07:07:46 GMT+07:00" name="setUp" finished-at="2026-04-18T07:07:46 GMT+07:00" duration-ms="677" status="PASS">
          <params>
            <param index="0">
              <value>
                <![CDATA[public void tests.rooms.RoomTest.verifySearchRoomWithGuest()]]>
              </value>
            </param>
          </params>
          <reporter-output>
          </reporter-output>
        </test-method> <!-- setUp -->
        <test-method signature="verifySearchRoomWithGuest()[pri:0, instance:tests.rooms.RoomTest@143640d5]" started-at="2026-04-18T07:07:46 GMT+07:00" name="verifySearchRoomWithGuest" description="Verify user can search room with guest successfully" finished-at="2026-04-18T07:07:50 GMT+07:00" duration-ms="3731" status="PASS">
          <reporter-output>
          </reporter-output>
        </test-method> <!-- verifySearchRoomWithGuest -->
        <test-method is-config="true" signature="tearDown()[pri:0, instance:tests.rooms.RoomTest@143640d5]" started-at="2026-04-18T07:07:50 GMT+07:00" name="tearDown" finished-at="2026-04-18T07:07:50 GMT+07:00" duration-ms="167" status="PASS">
          <reporter-output>
          </reporter-output>
        </test-method> <!-- tearDown -->
        <test-method is-config="true" signature="setUp(java.lang.reflect.Method)[pri:0, instance:tests.rooms.RoomTest@143640d5]" started-at="2026-04-18T07:07:50 GMT+07:00" name="setUp" finished-at="2026-04-18T07:07:51 GMT+07:00" duration-ms="640" status="PASS">
          <params>
            <param index="0">
              <value>
                <![CDATA[public void tests.rooms.RoomTest.verifySwiperNextWorking()]]>
              </value>
            </param>
          </params>
          <reporter-output>
          </reporter-output>
        </test-method> <!-- setUp -->
        <test-method signature="verifySwiperNextWorking()[pri:0, instance:tests.rooms.RoomTest@143640d5]" started-at="2026-04-18T07:07:51 GMT+07:00" name="verifySwiperNextWorking" description="Verify that the system correctly filters products by price range only." finished-at="2026-04-18T07:08:00 GMT+07:00" duration-ms="8829" status="PASS">
          <reporter-output>
          </reporter-output>
        </test-method> <!-- verifySwiperNextWorking -->
        <test-method is-config="true" signature="tearDown()[pri:0, instance:tests.rooms.RoomTest@143640d5]" started-at="2026-04-18T07:08:00 GMT+07:00" name="tearDown" finished-at="2026-04-18T07:08:00 GMT+07:00" duration-ms="172" status="PASS">
          <reporter-output>
          </reporter-output>
        </test-method> <!-- tearDown -->
      </class> <!-- tests.rooms.RoomTest -->
      <class name="tests.base.BaseTest">
        <test-method is-config="true" signature="setupSuite()[pri:0, instance:tests.base.BaseTest@780cb77]" started-at="2026-04-18T07:03:36 GMT+07:00" name="setupSuite" finished-at="2026-04-18T07:03:36 GMT+07:00" duration-ms="131" status="PASS">
          <reporter-output>
          </reporter-output>
        </test-method> <!-- setupSuite -->
        <test-method is-config="true" signature="afterSuite()[pri:0, instance:tests.base.BaseTest@780cb77]" started-at="2026-04-18T07:08:00 GMT+07:00" name="afterSuite" finished-at="2026-04-18T07:08:00 GMT+07:00" duration-ms="27" status="PASS">
          <reporter-output>
          </reporter-output>
        </test-method> <!-- afterSuite -->
      </class> <!-- tests.base.BaseTest -->
    </test> <!-- Surefire test -->
  </suite> <!-- Surefire suite -->
</testng-results>
