<?xml version="1.0" encoding="UTF-8"?>
<!-- Generated by org.testng.reporters.JUnitReportReporter -->
<testsuite hostname="LAPTOP-S9TO16LE" failures="0" tests="3" name="tests.details.RoomDetailTest" time="47.049" errors="0" timestamp="2026-04-26T15:17:22 GMT+07:00" skipped="0">
  <testcase classname="tests.details.RoomDetailTest" name="verifyBookingWithoutLogin" time="11.983"/>
  <testcase classname="tests.details.RoomDetailTest" name="verifyPriceCalculation" time="17.812"/>
  <testcase classname="tests.details.RoomDetailTest" name="verifyBookingSuccess" time="17.254"/>
</testsuite> <!-- tests.details.RoomDetailTest -->
