<?xml version="1.0" encoding="UTF-8"?>
<!-- Generated by org.testng.reporters.JUnitReportReporter -->
<testsuite hostname="LAPTOP-S9TO16LE" failures="0" tests="3" name="tests.details.RoomDetailTest" time="55.199" errors="0" timestamp="2026-04-26T14:56:44 GMT+07:00" skipped="0">
  <testcase classname="tests.details.RoomDetailTest" name="verifyPriceCalculation" time="18.202"/>
  <testcase classname="tests.details.RoomDetailTest" name="verifyBookingWithoutLogin" time="13.948"/>
  <testcase classname="tests.details.RoomDetailTest" name="verifyBookingSuccess" time="23.049"/>
</testsuite> <!-- tests.details.RoomDetailTest -->
