<?xml version="1.0" encoding="UTF-8"?>
<!-- Generated by org.testng.reporters.JUnitReportReporter -->
<testsuite hostname="LAPTOP-S9TO16LE" failures="0" tests="5" name="tests.login.LoginTest" time="36.355" errors="0" timestamp="2026-04-26T14:56:44 GMT+07:00" skipped="0">
  <testcase classname="tests.login.LoginTest" name="testLoginWithInvalidCredentials" time="6.030"/>
  <testcase classname="tests.login.LoginTest" name="testLoginWithEmptyField" time="6.705"/>
  <testcase classname="tests.login.LoginTest" name="testLoginWithInvalidCredentials" time="8.644"/>
  <testcase classname="tests.login.LoginTest" name="testLoginWithValidCredentials" time="8.514"/>
  <testcase classname="tests.login.LoginTest" name="testLoginWithEmptyField" time="6.462"/>
</testsuite> <!-- tests.login.LoginTest -->
