<?xml version="1.0" encoding="UTF-8"?>
<!-- Generated by org.testng.reporters.JUnitReportReporter -->
<testsuite hostname="LAPTOP-S9TO16LE" failures="0" tests="5" name="tests.rooms.RoomTest" time="117.126" errors="0" timestamp="2026-04-26T15:17:22 GMT+07:00" skipped="0">
  <testcase classname="tests.rooms.RoomTest" name="verifySearchRoomWithDate" time="12.200"/>
  <testcase classname="tests.rooms.RoomTest" name="verifyFilterByPriceRange" time="78.075"/>
  <testcase classname="tests.rooms.RoomTest" name="verifySearchRoomWithGuest" time="7.461"/>
  <testcase classname="tests.rooms.RoomTest" name="verifySearchRoom" time="5.342"/>
  <testcase classname="tests.rooms.RoomTest" name="verifySwiperNextWorking" time="14.048"/>
</testsuite> <!-- tests.rooms.RoomTest -->
