<?xml version="1.0" encoding="UTF-8"?>
<!-- Generated by org.testng.reporters.JUnitReportReporter -->
<testsuite hostname="LAPTOP-S9TO16LE" failures="0" tests="5" name="tests.login.LoginTest" time="31.805" errors="0" timestamp="2026-04-26T15:26:41 GMT+07:00" skipped="0">
  <testcase classname="tests.login.LoginTest" name="testLoginWithValidCredentials" time="7.146"/>
  <testcase classname="tests.login.LoginTest" name="testLoginWithEmptyField" time="6.031"/>
  <testcase classname="tests.login.LoginTest" name="testLoginWithEmptyField" time="6.120"/>
  <testcase classname="tests.login.LoginTest" name="testLoginWithInvalidCredentials" time="6.336"/>
  <testcase classname="tests.login.LoginTest" name="testLoginWithInvalidCredentials" time="6.172"/>
</testsuite> <!-- tests.login.LoginTest -->
