<?xml version="1.0" encoding="UTF-8"?>
<!-- Generated by org.testng.reporters.JUnitReportReporter -->
<testsuite hostname="LAPTOP-S9TO16LE" failures="0" tests="5" name="tests.register.RegisterTest" time="57.238" errors="0" timestamp="2026-04-26T14:56:44 GMT+07:00" skipped="0">
  <testcase classname="tests.register.RegisterTest" name="testRegisterWithInvalidCredentials" time="12.635"/>
  <testcase classname="tests.register.RegisterTest" name="testRegisterWithValidCredentials" time="11.245"/>
  <testcase classname="tests.register.RegisterTest" name="testRegisterWithInvalidCredentials" time="11.256"/>
  <testcase classname="tests.register.RegisterTest" name="testRegisterWithInvalidCredentials" time="12.250"/>
  <testcase classname="tests.register.RegisterTest" name="testRegisterWithEmptyFields" time="9.852"/>
</testsuite> <!-- tests.register.RegisterTest -->
