<?xml version="1.0" encoding="UTF-8"?>
<!-- Generated by org.testng.reporters.JUnitReportReporter -->
<testsuite hostname="LAPTOP-S9TO16LE" failures="0" tests="5" name="tests.register.RegisterTest" time="54.673" errors="0" timestamp="2026-04-26T15:26:41 GMT+07:00" skipped="0">
  <testcase classname="tests.register.RegisterTest" name="testRegisterWithInvalidCredentials" time="10.284"/>
  <testcase classname="tests.register.RegisterTest" name="testRegisterWithInvalidCredentials" time="9.809"/>
  <testcase classname="tests.register.RegisterTest" name="testRegisterWithValidCredentials" time="11.794"/>
  <testcase classname="tests.register.RegisterTest" name="testRegisterWithEmptyFields" time="10.656"/>
  <testcase classname="tests.register.RegisterTest" name="testRegisterWithInvalidCredentials" time="12.130"/>
</testsuite> <!-- tests.register.RegisterTest -->
