<?xml version="1.0" encoding="UTF-8"?>
<!-- Generated by org.testng.reporters.JUnitReportReporter -->
<testsuite hostname="LAPTOP-S9TO16LE" failures="0" tests="5" name="tests.rooms.RoomTest" time="116.394" errors="0" timestamp="2026-04-26T14:56:44 GMT+07:00" skipped="0">
  <testcase classname="tests.rooms.RoomTest" name="verifyFilterByPriceRange" time="75.518"/>
  <testcase classname="tests.rooms.RoomTest" name="verifySearchRoomWithDate" time="13.052"/>
  <testcase classname="tests.rooms.RoomTest" name="verifySearchRoom" time="4.748"/>
  <testcase classname="tests.rooms.RoomTest" name="verifySwiperNextWorking" time="13.549"/>
  <testcase classname="tests.rooms.RoomTest" name="verifySearchRoomWithGuest" time="9.527"/>
</testsuite> <!-- tests.rooms.RoomTest -->
